0 info it worked if it ends with ok
1 verbose cli [ '/usr/bin/node', '/usr/bin/npm', 'install' ]
2 info using npm@3.10.10
3 info using node@v6.17.1
4 silly loadCurrentTree Starting
5 silly install loadCurrentTree
6 silly install readLocalPackageData
7 silly install normalizeTree
8 silly loadCurrentTree Finishing
9 silly loadIdealTree Starting
10 silly install loadIdealTree
11 silly cloneCurrentTree Starting
12 silly install cloneCurrentTreeToIdealTree
13 silly cloneCurrentTree Finishing
14 silly loadShrinkwrap Starting
15 silly install loadShrinkwrap
16 silly loadShrinkwrap Finishing
17 silly loadAllDepsIntoIdealTree Starting
18 silly install loadAllDepsIntoIdealTree
19 silly fetchNamedPackageData jenkins-mocha
20 silly mapToRegistry name jenkins-mocha
21 silly mapToRegistry using default registry
22 silly mapToRegistry registry https://registry.npmjs.org/
23 silly mapToRegistry data Result {
23 silly mapToRegistry   raw: 'jenkins-mocha',
23 silly mapToRegistry   scope: null,
23 silly mapToRegistry   escapedName: 'jenkins-mocha',
23 silly mapToRegistry   name: 'jenkins-mocha',
23 silly mapToRegistry   rawSpec: '',
23 silly mapToRegistry   spec: 'latest',
23 silly mapToRegistry   type: 'tag' }
24 silly mapToRegistry uri https://registry.npmjs.org/jenkins-mocha
25 verbose request uri https://registry.npmjs.org/jenkins-mocha
26 verbose request no auth needed
27 info attempt registry request try #1 at 6:05:08 PM
28 verbose request id f6863c0dca60392d
29 http request GET https://registry.npmjs.org/jenkins-mocha
30 http 200 https://registry.npmjs.org/jenkins-mocha
31 verbose headers { date: 'Tue, 01 Feb 2022 18:05:10 GMT',
31 verbose headers   'content-type': 'application/json',
31 verbose headers   'transfer-encoding': 'chunked',
31 verbose headers   connection: 'keep-alive',
31 verbose headers   'cf-ray': '6d6d1b3679e17200-LHR',
31 verbose headers   'cache-control': 'public, max-age=300',
31 verbose headers   etag: 'W/"ca912abbd4c79e70b81cb5054f87f1d5"',
31 verbose headers   'last-modified': 'Mon, 01 Jul 2019 03:50:38 GMT',
31 verbose headers   vary: 'accept-encoding, accept',
31 verbose headers   'cf-cache-status': 'REVALIDATED',
31 verbose headers   'expect-ct': 'max-age=604800, report-uri="https://report-uri.cloudflare.com/cdn-cgi/beacon/expect-ct"',
31 verbose headers   server: 'cloudflare',
31 verbose headers   'content-encoding': 'gzip' }
32 silly get cb [ 200,
32 silly get   { date: 'Tue, 01 Feb 2022 18:05:10 GMT',
32 silly get     'content-type': 'application/json',
32 silly get     'transfer-encoding': 'chunked',
32 silly get     connection: 'keep-alive',
32 silly get     'cf-ray': '6d6d1b3679e17200-LHR',
32 silly get     'cache-control': 'public, max-age=300',
32 silly get     etag: 'W/"ca912abbd4c79e70b81cb5054f87f1d5"',
32 silly get     'last-modified': 'Mon, 01 Jul 2019 03:50:38 GMT',
32 silly get     vary: 'accept-encoding, accept',
32 silly get     'cf-cache-status': 'REVALIDATED',
32 silly get     'expect-ct': 'max-age=604800, report-uri="https://report-uri.cloudflare.com/cdn-cgi/beacon/expect-ct"',
32 silly get     server: 'cloudflare',
32 silly get     'content-encoding': 'gzip' } ]
33 verbose get saving jenkins-mocha to /home/vagrant/.npm/registry.npmjs.org/jenkins-mocha/.cache.json
34 verbose correctMkdir /home/vagrant/.npm correctMkdir not in flight; initializing
35 verbose makeDirectory /home/vagrant/.npm creation not in flight; initializing
36 silly makeDirectory /home/vagrant/.npm uid: 1000 gid: 1000
37 silly resolveWithNewModule jenkins-mocha@8.0.0 checking installable status
38 silly cache add args [ 'jenkins-mocha@^8.0.0', null ]
39 verbose cache add spec jenkins-mocha@^8.0.0
40 silly cache add parsed spec Result {
40 silly cache add   raw: 'jenkins-mocha@^8.0.0',
40 silly cache add   scope: null,
40 silly cache add   escapedName: 'jenkins-mocha',
40 silly cache add   name: 'jenkins-mocha',
40 silly cache add   rawSpec: '^8.0.0',
40 silly cache add   spec: '>=8.0.0 <9.0.0',
40 silly cache add   type: 'range' }
41 silly addNamed jenkins-mocha@>=8.0.0 <9.0.0
42 verbose addNamed ">=8.0.0 <9.0.0" is a valid semver range for jenkins-mocha
43 silly addNameRange { name: 'jenkins-mocha',
43 silly addNameRange   range: '>=8.0.0 <9.0.0',
43 silly addNameRange   hasData: false }
44 silly mapToRegistry name jenkins-mocha
45 silly mapToRegistry using default registry
46 silly mapToRegistry registry https://registry.npmjs.org/
47 silly mapToRegistry data Result {
47 silly mapToRegistry   raw: 'jenkins-mocha',
47 silly mapToRegistry   scope: null,
47 silly mapToRegistry   escapedName: 'jenkins-mocha',
47 silly mapToRegistry   name: 'jenkins-mocha',
47 silly mapToRegistry   rawSpec: '',
47 silly mapToRegistry   spec: 'latest',
47 silly mapToRegistry   type: 'tag' }
48 silly mapToRegistry uri https://registry.npmjs.org/jenkins-mocha
49 verbose addNameRange registry:https://registry.npmjs.org/jenkins-mocha not in flight; fetching
50 verbose get https://registry.npmjs.org/jenkins-mocha not expired, no request
51 silly addNameRange number 2 { name: 'jenkins-mocha', range: '>=8.0.0 <9.0.0', hasData: true }
52 silly addNameRange versions [ 'jenkins-mocha',
52 silly addNameRange   [ '1.0.0',
52 silly addNameRange     '1.0.1',
52 silly addNameRange     '1.0.2',
52 silly addNameRange     '1.0.3',
52 silly addNameRange     '1.0.4',
52 silly addNameRange     '1.0.5',
52 silly addNameRange     '1.0.6',
52 silly addNameRange     '1.0.7',
52 silly addNameRange     '1.0.8',
52 silly addNameRange     '1.0.9',
52 silly addNameRange     '2.0.0',
52 silly addNameRange     '2.0.1',
52 silly addNameRange     '2.1.0',
52 silly addNameRange     '2.2.0',
52 silly addNameRange     '2.3.0',
52 silly addNameRange     '2.3.1',
52 silly addNameRange     '2.4.0',
52 silly addNameRange     '2.5.0',
52 silly addNameRange     '2.6.0',
52 silly addNameRange     '3.0.0',
52 silly addNameRange     '3.0.2',
52 silly addNameRange     '3.0.3',
52 silly addNameRange     '3.0.4',
52 silly addNameRange     '4.0.0',
52 silly addNameRange     '4.1.0',
52 silly addNameRange     '4.1.1',
52 silly addNameRange     '4.1.2',
52 silly addNameRange     '5.0.0',
52 silly addNameRange     '6.0.0',
52 silly addNameRange     '7.0.0',
52 silly addNameRange     '8.0.0' ] ]
53 silly addNamed jenkins-mocha@8.0.0
54 verbose addNamed "8.0.0" is a plain semver version for jenkins-mocha
55 silly mapToRegistry name jenkins-mocha
56 silly mapToRegistry using default registry
57 silly mapToRegistry registry https://registry.npmjs.org/
58 silly mapToRegistry data Result {
58 silly mapToRegistry   raw: 'jenkins-mocha',
58 silly mapToRegistry   scope: null,
58 silly mapToRegistry   escapedName: 'jenkins-mocha',
58 silly mapToRegistry   name: 'jenkins-mocha',
58 silly mapToRegistry   rawSpec: '',
58 silly mapToRegistry   spec: 'latest',
58 silly mapToRegistry   type: 'tag' }
59 silly mapToRegistry uri https://registry.npmjs.org/jenkins-mocha
60 verbose addRemoteTarball https://registry.npmjs.org/jenkins-mocha/-/jenkins-mocha-8.0.0.tgz not in flight; adding
61 verbose addRemoteTarball [ 'https://registry.npmjs.org/jenkins-mocha/-/jenkins-mocha-8.0.0.tgz',
61 verbose addRemoteTarball   'a9613f664bae5438a17913f3fbb3b4df85926c01' ]
62 info retry fetch attempt 1 at 6:05:08 PM
63 info attempt registry request try #1 at 6:05:08 PM
64 http fetch GET https://registry.npmjs.org/jenkins-mocha/-/jenkins-mocha-8.0.0.tgz
65 http fetch 200 https://registry.npmjs.org/jenkins-mocha/-/jenkins-mocha-8.0.0.tgz
66 silly fetchAndShaCheck shasum a9613f664bae5438a17913f3fbb3b4df85926c01
67 verbose addTmpTarball /tmp/npm-4784-8ac1adf8/registry.npmjs.org/jenkins-mocha/-/jenkins-mocha-8.0.0.tgz not in flight; adding
68 verbose addTmpTarball already have metadata; skipping unpack for jenkins-mocha@8.0.0
69 verbose correctMkdir /home/vagrant/.npm correctMkdir not in flight; initializing
70 silly cache afterAdd jenkins-mocha@8.0.0
71 verbose afterAdd /home/vagrant/.npm/jenkins-mocha/8.0.0/package/package.json not in flight; writing
72 verbose correctMkdir /home/vagrant/.npm correctMkdir not in flight; initializing
73 verbose afterAdd /home/vagrant/.npm/jenkins-mocha/8.0.0/package/package.json written
74 silly fetchNamedPackageData mocha
75 silly mapToRegistry name mocha
76 silly mapToRegistry using default registry
77 silly mapToRegistry registry https://registry.npmjs.org/
78 silly mapToRegistry data Result {
78 silly mapToRegistry   raw: 'mocha',
78 silly mapToRegistry   scope: null,
78 silly mapToRegistry   escapedName: 'mocha',
78 silly mapToRegistry   name: 'mocha',
78 silly mapToRegistry   rawSpec: '',
78 silly mapToRegistry   spec: 'latest',
78 silly mapToRegistry   type: 'tag' }
79 silly mapToRegistry uri https://registry.npmjs.org/mocha
80 verbose request uri https://registry.npmjs.org/mocha
81 verbose request no auth needed
82 info attempt registry request try #1 at 6:05:08 PM
83 http request GET https://registry.npmjs.org/mocha
84 http 200 https://registry.npmjs.org/mocha
85 verbose headers { date: 'Tue, 01 Feb 2022 18:05:10 GMT',
85 verbose headers   'content-type': 'application/json',
85 verbose headers   'transfer-encoding': 'chunked',
85 verbose headers   connection: 'keep-alive',
85 verbose headers   'cf-ray': '6d6d1b3babbd7200-LHR',
85 verbose headers   age: '106',
85 verbose headers   'cache-control': 'public, max-age=300',
85 verbose headers   etag: 'W/"d462e13a9ddf6594c8e4690164d98512"',
85 verbose headers   'last-modified': 'Mon, 24 Jan 2022 09:09:27 GMT',
85 verbose headers   vary: 'accept-encoding, accept',
85 verbose headers   'cf-cache-status': 'HIT',
85 verbose headers   'expect-ct': 'max-age=604800, report-uri="https://report-uri.cloudflare.com/cdn-cgi/beacon/expect-ct"',
85 verbose headers   'x-amz-replication-status': 'COMPLETED',
85 verbose headers   server: 'cloudflare',
85 verbose headers   'content-encoding': 'gzip' }
86 silly get cb [ 200,
86 silly get   { date: 'Tue, 01 Feb 2022 18:05:10 GMT',
86 silly get     'content-type': 'application/json',
86 silly get     'transfer-encoding': 'chunked',
86 silly get     connection: 'keep-alive',
86 silly get     'cf-ray': '6d6d1b3babbd7200-LHR',
86 silly get     age: '106',
86 silly get     'cache-control': 'public, max-age=300',
86 silly get     etag: 'W/"d462e13a9ddf6594c8e4690164d98512"',
86 silly get     'last-modified': 'Mon, 24 Jan 2022 09:09:27 GMT',
86 silly get     vary: 'accept-encoding, accept',
86 silly get     'cf-cache-status': 'HIT',
86 silly get     'expect-ct': 'max-age=604800, report-uri="https://report-uri.cloudflare.com/cdn-cgi/beacon/expect-ct"',
86 silly get     'x-amz-replication-status': 'COMPLETED',
86 silly get     server: 'cloudflare',
86 silly get     'content-encoding': 'gzip' } ]
87 verbose get saving mocha to /home/vagrant/.npm/registry.npmjs.org/mocha/.cache.json
88 verbose correctMkdir /home/vagrant/.npm correctMkdir not in flight; initializing
89 silly resolveWithNewModule mocha@6.2.3 checking installable status
90 silly cache add args [ 'mocha@^6.0.0', null ]
91 verbose cache add spec mocha@^6.0.0
92 silly cache add parsed spec Result {
92 silly cache add   raw: 'mocha@^6.0.0',
92 silly cache add   scope: null,
92 silly cache add   escapedName: 'mocha',
92 silly cache add   name: 'mocha',
92 silly cache add   rawSpec: '^6.0.0',
92 silly cache add   spec: '>=6.0.0 <7.0.0',
92 silly cache add   type: 'range' }
93 silly addNamed mocha@>=6.0.0 <7.0.0
94 verbose addNamed ">=6.0.0 <7.0.0" is a valid semver range for mocha
95 silly addNameRange { name: 'mocha', range: '>=6.0.0 <7.0.0', hasData: false }
96 silly mapToRegistry name mocha
97 silly mapToRegistry using default registry
98 silly mapToRegistry registry https://registry.npmjs.org/
99 silly mapToRegistry data Result {
99 silly mapToRegistry   raw: 'mocha',
99 silly mapToRegistry   scope: null,
99 silly mapToRegistry   escapedName: 'mocha',
99 silly mapToRegistry   name: 'mocha',
99 silly mapToRegistry   rawSpec: '',
99 silly mapToRegistry   spec: 'latest',
99 silly mapToRegistry   type: 'tag' }
100 silly mapToRegistry uri https://registry.npmjs.org/mocha
101 verbose addNameRange registry:https://registry.npmjs.org/mocha not in flight; fetching
102 verbose get https://registry.npmjs.org/mocha not expired, no request
103 silly addNameRange number 2 { name: 'mocha', range: '>=6.0.0 <7.0.0', hasData: true }
104 silly addNameRange versions [ 'mocha',
104 silly addNameRange   [ '0.0.1-alpha1',
104 silly addNameRange     '0.0.1-alpha2',
104 silly addNameRange     '0.0.1-alpha3',
104 silly addNameRange     '0.0.1-alpha4',
104 silly addNameRange     '0.0.1-alpha5',
104 silly addNameRange     '0.0.1-alpha6',
104 silly addNameRange     '0.0.1',
104 silly addNameRange     '0.0.2',
104 silly addNameRange     '0.0.3',
104 silly addNameRange     '0.0.4',
104 silly addNameRange     '0.0.5',
104 silly addNameRange     '0.0.6',
104 silly addNameRange     '0.0.7',
104 silly addNameRange     '0.0.8',
104 silly addNameRange     '0.1.0',
104 silly addNameRange     '0.2.0',
104 silly addNameRange     '0.3.0',
104 silly addNameRange     '0.3.1',
104 silly addNameRange     '0.3.2',
104 silly addNameRange     '0.3.3',
104 silly addNameRange     '0.3.4',
104 silly addNameRange     '0.3.6',
104 silly addNameRange     '0.4.0',
104 silly addNameRange     '0.5.0',
104 silly addNameRange     '0.6.0',
104 silly addNameRange     '0.7.0',
104 silly addNameRange     '0.7.1',
104 silly addNameRange     '0.8.0',
104 silly addNameRange     '0.8.1',
104 silly addNameRange     '0.9.0',
104 silly addNameRange     '0.10.0',
104 silly addNameRange     '0.10.1',
104 silly addNameRange     '0.10.2',
104 silly addNameRange     '0.11.0',
104 silly addNameRange     '0.12.0',
104 silly addNameRange     '0.12.1',
104 silly addNameRange     '0.13.0',
104 silly addNameRange     '0.14.0',
104 silly addNameRange     '0.14.1',
104 silly addNameRange     '1.0.0',
104 silly addNameRange     '1.0.1',
104 silly addNameRange     '1.0.2',
104 silly addNameRange     '1.0.3',
104 silly addNameRange     '1.1.0',
104 silly addNameRange     '1.2.0',
104 silly addNameRange     '1.2.1',
104 silly addNameRange     '1.2.2',
104 silly addNameRange     '1.3.0',
104 silly addNameRange     '1.3.1',
104 silly addNameRange     '1.3.2',
104 silly addNameRange     '1.4.0',
104 silly addNameRange     '1.4.1',
104 silly addNameRange     '1.4.2',
104 silly addNameRange     '1.4.3',
104 silly addNameRange     '1.5.0',
104 silly addNameRange     '1.6.0',
104 silly addNameRange     '1.7.0',
104 silly addNameRange     '1.7.1',
104 silly addNameRange     '1.7.2',
104 silly addNameRange     '1.7.3',
104 silly addNameRange     '1.7.4',
104 silly addNameRange     '1.8.0',
104 silly addNameRange     '1.8.1',
104 silly addNameRange     '1.8.2',
104 silly addNameRange     '1.9.0',
104 silly addNameRange     '1.10.0',
104 silly addNameRange     '1.11.0',
104 silly addNameRange     '1.12.0',
104 silly addNameRange     '1.12.1',
104 silly addNameRange     '1.13.0',
104 silly addNameRange     '1.14.0',
104 silly addNameRange     '1.15.0',
104 silly addNameRange     '1.15.1',
104 silly addNameRange     '1.16.0',
104 silly addNameRange     '1.16.1',
104 silly addNameRange     '1.16.2',
104 silly addNameRange     '1.17.0',
104 silly addNameRange     '1.17.1',
104 silly addNameRange     '1.18.0',
104 silly addNameRange     '1.18.1',
104 silly addNameRange     '1.18.2',
104 silly addNameRange     '1.19.0',
104 silly addNameRange     '1.20.0',
104 silly addNameRange     '1.20.1',
104 silly addNameRange     '1.21.0',
104 silly addNameRange     '1.21.1',
104 silly addNameRange     '1.21.2',
104 silly addNameRange     '1.21.3',
104 silly addNameRange     '1.21.4',
104 silly addNameRange     '1.21.5',
104 silly addNameRange     '2.0.0',
104 silly addNameRange     '2.0.1',
104 silly addNameRange     '2.1.0',
104 silly addNameRange     '2.2.0',
104 silly addNameRange     '2.2.1',
104 silly addNameRange     '2.2.3',
104 silly addNameRange     '2.2.4',
104 silly addNameRange     '2.2.5',
104 silly addNameRange     '2.3.0',
104 silly addNameRange     '2.3.1',
104 silly addNameRange     ... 84 more items ] ]
105 silly addNamed mocha@6.2.3
106 verbose addNamed "6.2.3" is a plain semver version for mocha
107 silly mapToRegistry name mocha
108 silly mapToRegistry using default registry
109 silly mapToRegistry registry https://registry.npmjs.org/
110 silly mapToRegistry data Result {
110 silly mapToRegistry   raw: 'mocha',
110 silly mapToRegistry   scope: null,
110 silly mapToRegistry   escapedName: 'mocha',
110 silly mapToRegistry   name: 'mocha',
110 silly mapToRegistry   rawSpec: '',
110 silly mapToRegistry   spec: 'latest',
110 silly mapToRegistry   type: 'tag' }
111 silly mapToRegistry uri https://registry.npmjs.org/mocha
112 verbose addRemoteTarball https://registry.npmjs.org/mocha/-/mocha-6.2.3.tgz not in flight; adding
113 verbose addRemoteTarball [ 'https://registry.npmjs.org/mocha/-/mocha-6.2.3.tgz',
113 verbose addRemoteTarball   'e648432181d8b99393410212664450a4c1e31912' ]
114 info retry fetch attempt 1 at 6:05:09 PM
115 info attempt registry request try #1 at 6:05:09 PM
116 http fetch GET https://registry.npmjs.org/mocha/-/mocha-6.2.3.tgz
117 http fetch 200 https://registry.npmjs.org/mocha/-/mocha-6.2.3.tgz
118 silly fetchAndShaCheck shasum e648432181d8b99393410212664450a4c1e31912
119 verbose addTmpTarball /tmp/npm-4784-8ac1adf8/registry.npmjs.org/mocha/-/mocha-6.2.3.tgz not in flight; adding
120 verbose addTmpTarball already have metadata; skipping unpack for mocha@6.2.3
121 verbose correctMkdir /home/vagrant/.npm correctMkdir not in flight; initializing
122 silly cache afterAdd mocha@6.2.3
123 verbose afterAdd /home/vagrant/.npm/mocha/6.2.3/package/package.json not in flight; writing
124 verbose correctMkdir /home/vagrant/.npm correctMkdir not in flight; initializing
125 verbose afterAdd /home/vagrant/.npm/mocha/6.2.3/package/package.json written
126 silly fetchNamedPackageData debug
127 silly mapToRegistry name debug
128 silly mapToRegistry using default registry
129 silly mapToRegistry registry https://registry.npmjs.org/
130 silly mapToRegistry data Result {
130 silly mapToRegistry   raw: 'debug',
130 silly mapToRegistry   scope: null,
130 silly mapToRegistry   escapedName: 'debug',
130 silly mapToRegistry   name: 'debug',
130 silly mapToRegistry   rawSpec: '',
130 silly mapToRegistry   spec: 'latest',
130 silly mapToRegistry   type: 'tag' }
131 silly mapToRegistry uri https://registry.npmjs.org/debug
132 silly fetchNamedPackageData ms
133 silly mapToRegistry name ms
134 silly mapToRegistry using default registry
135 silly mapToRegistry registry https://registry.npmjs.org/
136 silly mapToRegistry data Result {
136 silly mapToRegistry   raw: 'ms',
136 silly mapToRegistry   scope: null,
136 silly mapToRegistry   escapedName: 'ms',
136 silly mapToRegistry   name: 'ms',
136 silly mapToRegistry   rawSpec: '',
136 silly mapToRegistry   spec: 'latest',
136 silly mapToRegistry   type: 'tag' }
137 silly mapToRegistry uri https://registry.npmjs.org/ms
138 verbose request uri https://registry.npmjs.org/debug
139 verbose request no auth needed
140 info attempt registry request try #1 at 6:05:09 PM
141 http request GET https://registry.npmjs.org/debug
142 verbose request uri https://registry.npmjs.org/ms
143 verbose request no auth needed
144 info attempt registry request try #1 at 6:05:09 PM
145 http request GET https://registry.npmjs.org/ms
146 http 200 https://registry.npmjs.org/debug
147 verbose headers { date: 'Tue, 01 Feb 2022 18:05:11 GMT',
147 verbose headers   'content-type': 'application/json',
147 verbose headers   'transfer-encoding': 'chunked',
147 verbose headers   connection: 'keep-alive',
147 verbose headers   'cf-ray': '6d6d1b412e437200-LHR',
147 verbose headers   age: '41',
147 verbose headers   'cache-control': 'public, max-age=300',
147 verbose headers   etag: 'W/"14b0a07d405a10b259fa2f82e7dbfd9a"',
147 verbose headers   'last-modified': 'Sat, 18 Dec 2021 17:02:47 GMT',
147 verbose headers   vary: 'accept-encoding, accept',
147 verbose headers   'cf-cache-status': 'HIT',
147 verbose headers   'expect-ct': 'max-age=604800, report-uri="https://report-uri.cloudflare.com/cdn-cgi/beacon/expect-ct"',
147 verbose headers   'x-amz-replication-status': 'COMPLETED',
147 verbose headers   server: 'cloudflare',
147 verbose headers   'content-encoding': 'gzip' }
148 silly get cb [ 200,
148 silly get   { date: 'Tue, 01 Feb 2022 18:05:11 GMT',
148 silly get     'content-type': 'application/json',
148 silly get     'transfer-encoding': 'chunked',
148 silly get     connection: 'keep-alive',
148 silly get     'cf-ray': '6d6d1b412e437200-LHR',
148 silly get     age: '41',
148 silly get     'cache-control': 'public, max-age=300',
148 silly get     etag: 'W/"14b0a07d405a10b259fa2f82e7dbfd9a"',
148 silly get     'last-modified': 'Sat, 18 Dec 2021 17:02:47 GMT',
148 silly get     vary: 'accept-encoding, accept',
148 silly get     'cf-cache-status': 'HIT',
148 silly get     'expect-ct': 'max-age=604800, report-uri="https://report-uri.cloudflare.com/cdn-cgi/beacon/expect-ct"',
148 silly get     'x-amz-replication-status': 'COMPLETED',
148 silly get     server: 'cloudflare',
148 silly get     'content-encoding': 'gzip' } ]
149 verbose get saving debug to /home/vagrant/.npm/registry.npmjs.org/debug/.cache.json
150 verbose correctMkdir /home/vagrant/.npm correctMkdir not in flight; initializing
151 silly resolveWithNewModule debug@3.2.6 checking installable status
152 silly cache add args [ 'debug@3.2.6', null ]
153 verbose cache add spec debug@3.2.6
154 silly cache add parsed spec Result {
154 silly cache add   raw: 'debug@3.2.6',
154 silly cache add   scope: null,
154 silly cache add   escapedName: 'debug',
154 silly cache add   name: 'debug',
154 silly cache add   rawSpec: '3.2.6',
154 silly cache add   spec: '3.2.6',
154 silly cache add   type: 'version' }
155 silly addNamed debug@3.2.6
156 verbose addNamed "3.2.6" is a plain semver version for debug
157 silly mapToRegistry name debug
158 silly mapToRegistry using default registry
159 silly mapToRegistry registry https://registry.npmjs.org/
160 silly mapToRegistry data Result {
160 silly mapToRegistry   raw: 'debug',
160 silly mapToRegistry   scope: null,
160 silly mapToRegistry   escapedName: 'debug',
160 silly mapToRegistry   name: 'debug',
160 silly mapToRegistry   rawSpec: '',
160 silly mapToRegistry   spec: 'latest',
160 silly mapToRegistry   type: 'tag' }
161 silly mapToRegistry uri https://registry.npmjs.org/debug
162 verbose addNameVersion registry:https://registry.npmjs.org/debug not in flight; fetching
163 verbose get https://registry.npmjs.org/debug not expired, no request
164 warn deprecated debug@3.2.6: Debug versions >=3.2.0 <3.2.7 || >=4 <4.3.1 have a low-severity ReDos regression when used in a Node.js environment. It is recommended you upgrade to 3.2.7 or 4.3.1. (https://github.com/visionmedia/debug/issues/797)
165 silly mapToRegistry name debug
166 silly mapToRegistry using default registry
167 silly mapToRegistry registry https://registry.npmjs.org/
168 silly mapToRegistry data Result {
168 silly mapToRegistry   raw: 'debug',
168 silly mapToRegistry   scope: null,
168 silly mapToRegistry   escapedName: 'debug',
168 silly mapToRegistry   name: 'debug',
168 silly mapToRegistry   rawSpec: '',
168 silly mapToRegistry   spec: 'latest',
168 silly mapToRegistry   type: 'tag' }
169 silly mapToRegistry uri https://registry.npmjs.org/debug
170 verbose addRemoteTarball https://registry.npmjs.org/debug/-/debug-3.2.6.tgz not in flight; adding
171 verbose addRemoteTarball [ 'https://registry.npmjs.org/debug/-/debug-3.2.6.tgz',
171 verbose addRemoteTarball   'e83d17de16d8a7efb7717edbe5fb10135eee629b' ]
172 info retry fetch attempt 1 at 6:05:09 PM
173 info attempt registry request try #1 at 6:05:09 PM
174 http fetch GET https://registry.npmjs.org/debug/-/debug-3.2.6.tgz
175 http 200 https://registry.npmjs.org/ms
176 verbose headers { date: 'Tue, 01 Feb 2022 18:05:11 GMT',
176 verbose headers   'content-type': 'application/json',
176 verbose headers   'transfer-encoding': 'chunked',
176 verbose headers   connection: 'keep-alive',
176 verbose headers   'cf-ray': '6d6d1b414fc27443-LHR',
176 verbose headers   age: '199',
176 verbose headers   'cache-control': 'public, max-age=300',
176 verbose headers   etag: 'W/"233a2d31145090a933a2085a7e1aae0e"',
176 verbose headers   'last-modified': 'Mon, 31 Jan 2022 21:09:35 GMT',
176 verbose headers   vary: 'accept-encoding, accept',
176 verbose headers   'cf-cache-status': 'HIT',
176 verbose headers   'expect-ct': 'max-age=604800, report-uri="https://report-uri.cloudflare.com/cdn-cgi/beacon/expect-ct"',
176 verbose headers   'x-amz-replication-status': 'PENDING',
176 verbose headers   server: 'cloudflare',
176 verbose headers   'content-encoding': 'gzip' }
177 silly get cb [ 200,
177 silly get   { date: 'Tue, 01 Feb 2022 18:05:11 GMT',
177 silly get     'content-type': 'application/json',
177 silly get     'transfer-encoding': 'chunked',
177 silly get     connection: 'keep-alive',
177 silly get     'cf-ray': '6d6d1b414fc27443-LHR',
177 silly get     age: '199',
177 silly get     'cache-control': 'public, max-age=300',
177 silly get     etag: 'W/"233a2d31145090a933a2085a7e1aae0e"',
177 silly get     'last-modified': 'Mon, 31 Jan 2022 21:09:35 GMT',
177 silly get     vary: 'accept-encoding, accept',
177 silly get     'cf-cache-status': 'HIT',
177 silly get     'expect-ct': 'max-age=604800, report-uri="https://report-uri.cloudflare.com/cdn-cgi/beacon/expect-ct"',
177 silly get     'x-amz-replication-status': 'PENDING',
177 silly get     server: 'cloudflare',
177 silly get     'content-encoding': 'gzip' } ]
178 verbose get saving ms to /home/vagrant/.npm/registry.npmjs.org/ms/.cache.json
179 verbose correctMkdir /home/vagrant/.npm correctMkdir not in flight; initializing
180 silly resolveWithNewModule ms@2.1.1 checking installable status
181 silly cache add args [ 'ms@2.1.1', null ]
182 verbose cache add spec ms@2.1.1
183 silly cache add parsed spec Result {
183 silly cache add   raw: 'ms@2.1.1',
183 silly cache add   scope: null,
183 silly cache add   escapedName: 'ms',
183 silly cache add   name: 'ms',
183 silly cache add   rawSpec: '2.1.1',
183 silly cache add   spec: '2.1.1',
183 silly cache add   type: 'version' }
184 silly addNamed ms@2.1.1
185 verbose addNamed "2.1.1" is a plain semver version for ms
186 silly mapToRegistry name ms
187 silly mapToRegistry using default registry
188 silly mapToRegistry registry https://registry.npmjs.org/
189 silly mapToRegistry data Result {
189 silly mapToRegistry   raw: 'ms',
189 silly mapToRegistry   scope: null,
189 silly mapToRegistry   escapedName: 'ms',
189 silly mapToRegistry   name: 'ms',
189 silly mapToRegistry   rawSpec: '',
189 silly mapToRegistry   spec: 'latest',
189 silly mapToRegistry   type: 'tag' }
190 silly mapToRegistry uri https://registry.npmjs.org/ms
191 verbose addNameVersion registry:https://registry.npmjs.org/ms not in flight; fetching
192 verbose get https://registry.npmjs.org/ms not expired, no request
193 silly mapToRegistry name ms
194 silly mapToRegistry using default registry
195 silly mapToRegistry registry https://registry.npmjs.org/
196 silly mapToRegistry data Result {
196 silly mapToRegistry   raw: 'ms',
196 silly mapToRegistry   scope: null,
196 silly mapToRegistry   escapedName: 'ms',
196 silly mapToRegistry   name: 'ms',
196 silly mapToRegistry   rawSpec: '',
196 silly mapToRegistry   spec: 'latest',
196 silly mapToRegistry   type: 'tag' }
197 silly mapToRegistry uri https://registry.npmjs.org/ms
198 verbose addRemoteTarball https://registry.npmjs.org/ms/-/ms-2.1.1.tgz not in flight; adding
199 verbose addRemoteTarball [ 'https://registry.npmjs.org/ms/-/ms-2.1.1.tgz',
199 verbose addRemoteTarball   '30a5864eb3ebb0a66f2ebe6d727af06a09d86e0a' ]
200 info retry fetch attempt 1 at 6:05:10 PM
201 info attempt registry request try #1 at 6:05:10 PM
202 http fetch GET https://registry.npmjs.org/ms/-/ms-2.1.1.tgz
203 http fetch 200 https://registry.npmjs.org/debug/-/debug-3.2.6.tgz
204 silly fetchAndShaCheck shasum e83d17de16d8a7efb7717edbe5fb10135eee629b
205 verbose addTmpTarball /tmp/npm-4784-8ac1adf8/registry.npmjs.org/debug/-/debug-3.2.6.tgz not in flight; adding
206 verbose addTmpTarball already have metadata; skipping unpack for debug@3.2.6
207 verbose correctMkdir /home/vagrant/.npm correctMkdir not in flight; initializing
208 silly cache afterAdd debug@3.2.6
209 verbose afterAdd /home/vagrant/.npm/debug/3.2.6/package/package.json not in flight; writing
210 verbose correctMkdir /home/vagrant/.npm correctMkdir not in flight; initializing
211 verbose afterAdd /home/vagrant/.npm/debug/3.2.6/package/package.json written
212 http fetch 200 https://registry.npmjs.org/ms/-/ms-2.1.1.tgz
213 silly fetchAndShaCheck shasum 30a5864eb3ebb0a66f2ebe6d727af06a09d86e0a
214 verbose addTmpTarball /tmp/npm-4784-8ac1adf8/registry.npmjs.org/ms/-/ms-2.1.1.tgz not in flight; adding
215 verbose addTmpTarball already have metadata; skipping unpack for ms@2.1.1
216 verbose correctMkdir /home/vagrant/.npm correctMkdir not in flight; initializing
217 silly cache afterAdd ms@2.1.1
218 verbose afterAdd /home/vagrant/.npm/ms/2.1.1/package/package.json not in flight; writing
219 verbose correctMkdir /home/vagrant/.npm correctMkdir not in flight; initializing
220 verbose afterAdd /home/vagrant/.npm/ms/2.1.1/package/package.json written
221 silly fetchNamedPackageData fsevents
222 silly mapToRegistry name fsevents
223 silly mapToRegistry using default registry
224 silly mapToRegistry registry https://registry.npmjs.org/
225 silly mapToRegistry data Result {
225 silly mapToRegistry   raw: 'fsevents',
225 silly mapToRegistry   scope: null,
225 silly mapToRegistry   escapedName: 'fsevents',
225 silly mapToRegistry   name: 'fsevents',
225 silly mapToRegistry   rawSpec: '',
225 silly mapToRegistry   spec: 'latest',
225 silly mapToRegistry   type: 'tag' }
226 silly mapToRegistry uri https://registry.npmjs.org/fsevents
227 verbose request uri https://registry.npmjs.org/fsevents
228 verbose request no auth needed
229 info attempt registry request try #1 at 6:05:10 PM
230 http request GET https://registry.npmjs.org/fsevents
231 http 200 https://registry.npmjs.org/fsevents
232 verbose headers { date: 'Tue, 01 Feb 2022 18:05:12 GMT',
232 verbose headers   'content-type': 'application/json',
232 verbose headers   'transfer-encoding': 'chunked',
232 verbose headers   connection: 'keep-alive',
232 verbose headers   'cf-ray': '6d6d1b46a9f97200-LHR',
232 verbose headers   age: '171',
232 verbose headers   'cache-control': 'public, max-age=300',
232 verbose headers   etag: 'W/"897b89cb36d39b1e4f3706e4aaceba9b"',
232 verbose headers   'last-modified': 'Fri, 05 Feb 2021 14:46:37 GMT',
232 verbose headers   vary: 'accept-encoding, accept',
232 verbose headers   'cf-cache-status': 'HIT',
232 verbose headers   'expect-ct': 'max-age=604800, report-uri="https://report-uri.cloudflare.com/cdn-cgi/beacon/expect-ct"',
232 verbose headers   server: 'cloudflare',
232 verbose headers   'content-encoding': 'gzip' }
233 silly get cb [ 200,
233 silly get   { date: 'Tue, 01 Feb 2022 18:05:12 GMT',
233 silly get     'content-type': 'application/json',
233 silly get     'transfer-encoding': 'chunked',
233 silly get     connection: 'keep-alive',
233 silly get     'cf-ray': '6d6d1b46a9f97200-LHR',
233 silly get     age: '171',
233 silly get     'cache-control': 'public, max-age=300',
233 silly get     etag: 'W/"897b89cb36d39b1e4f3706e4aaceba9b"',
233 silly get     'last-modified': 'Fri, 05 Feb 2021 14:46:37 GMT',
233 silly get     vary: 'accept-encoding, accept',
233 silly get     'cf-cache-status': 'HIT',
233 silly get     'expect-ct': 'max-age=604800, report-uri="https://report-uri.cloudflare.com/cdn-cgi/beacon/expect-ct"',
233 silly get     server: 'cloudflare',
233 silly get     'content-encoding': 'gzip' } ]
234 verbose get saving fsevents to /home/vagrant/.npm/registry.npmjs.org/fsevents/.cache.json
235 verbose correctMkdir /home/vagrant/.npm correctMkdir not in flight; initializing
236 silly resolveWithNewModule fsevents@2.3.2 checking installable status
237 silly loadAllDepsIntoIdealTree Finishing
238 silly loadIdealTree Finishing
239 silly currentTree solution-code@1.0.0
239 silly currentTree ├── @babel/code-frame@7.16.7
239 silly currentTree ├── @babel/generator@7.16.8
239 silly currentTree ├── @babel/helper-environment-visitor@7.16.7
239 silly currentTree ├── @babel/helper-function-name@7.16.7
239 silly currentTree ├── @babel/helper-get-function-arity@7.16.7
239 silly currentTree ├── @babel/helper-hoist-variables@7.16.7
239 silly currentTree ├── @babel/helper-split-export-declaration@7.16.7
239 silly currentTree ├── @babel/helper-validator-identifier@7.16.7
239 silly currentTree ├── @babel/highlight@7.16.10
239 silly currentTree ├── @babel/parser@7.16.12
239 silly currentTree ├── @babel/template@7.16.7
239 silly currentTree ├─┬ @babel/traverse
239 silly currentTree │ ├── debug@4.3.3
239 silly currentTree │ └── ms@2.1.2
239 silly currentTree ├── @babel/types@7.16.8
239 silly currentTree ├── @types/bson@4.0.5
239 silly currentTree ├── @types/chai@4.3.0
239 silly currentTree ├── @types/cookiejar@2.1.2
239 silly currentTree ├── @types/mongodb@3.6.20
239 silly currentTree ├── @types/node@17.0.14
239 silly currentTree ├── @types/superagent@3.8.7
239 silly currentTree ├── @ungap/promise-all-settled@1.1.2
239 silly currentTree ├── accepts@1.3.7
239 silly currentTree ├── ansi-colors@3.2.3
239 silly currentTree ├── ansi-regex@3.0.0
239 silly currentTree ├── ansi-styles@3.2.1
239 silly currentTree ├── anymatch@3.1.2
239 silly currentTree ├── append-transform@1.0.0
239 silly currentTree ├── archy@1.0.0
239 silly currentTree ├── argparse@1.0.10
239 silly currentTree ├── array-flatten@1.1.1
239 silly currentTree ├── assertion-error@1.1.0
239 silly currentTree ├── asynckit@0.4.0
239 silly currentTree ├── balanced-match@1.0.2
239 silly currentTree ├── binary-extensions@2.2.0
239 silly currentTree ├─┬ bl@2.2.1
239 silly currentTree │ └─┬ readable-stream@2.3.7
239 silly currentTree │   └── safe-buffer@5.1.2
239 silly currentTree ├── bluebird@3.5.1
239 silly currentTree ├── body-parser@1.19.1
239 silly currentTree ├── brace-expansion@1.1.11
239 silly currentTree ├── braces@3.0.2
239 silly currentTree ├── browser-stdout@1.3.1
239 silly currentTree ├── bson@1.1.6
239 silly currentTree ├── buffer-shims@1.0.0
239 silly currentTree ├── bytes@3.1.1
239 silly currentTree ├── caching-transform@3.0.2
239 silly currentTree ├── call-bind@1.0.2
239 silly currentTree ├── camelcase@5.3.1
239 silly currentTree ├─┬ chai-http@4.3.0
239 silly currentTree │ ├── debug@3.2.7
239 silly currentTree │ ├── ms@2.1.3
239 silly currentTree │ ├── readable-stream@2.3.7
239 silly currentTree │ ├── safe-buffer@5.1.2
239 silly currentTree │ └── superagent@3.8.3
239 silly currentTree ├── chai-jquery@2.1.0
239 silly currentTree ├── chai@3.5.0
239 silly currentTree ├─┬ chalk@2.4.2
239 silly currentTree │ └── supports-color@5.5.0
239 silly currentTree ├── charenc@0.0.2
239 silly currentTree ├── chokidar@3.5.1
239 silly currentTree ├─┬ cliui
239 silly currentTree │ ├── ansi-regex@4.1.0
239 silly currentTree │ └── strip-ansi@5.2.0
239 silly currentTree ├── color-convert@1.9.3
239 silly currentTree ├── color-name@1.1.3
239 silly currentTree ├── combined-stream@1.0.8
239 silly currentTree ├── commander@2.20.3
239 silly currentTree ├── commondir@1.0.1
239 silly currentTree ├── component-emitter@1.3.0
239 silly currentTree ├── concat-map@0.0.1
239 silly currentTree ├── content-disposition@0.5.4
239 silly currentTree ├── content-type@1.0.4
239 silly currentTree ├─┬ convert-source-map@1.8.0
239 silly currentTree │ └── safe-buffer@5.1.2
239 silly currentTree ├── cookie-signature@1.0.6
239 silly currentTree ├── cookie@0.4.1
239 silly currentTree ├── cookiejar@2.1.3
239 silly currentTree ├── core-util-is@1.0.3
239 silly currentTree ├── cp-file@6.2.0
239 silly currentTree ├── cross-spawn@4.0.2
239 silly currentTree ├── crypt@0.0.2
239 silly currentTree ├── debug@2.6.9
239 silly currentTree ├── decamelize@1.2.0
239 silly currentTree ├─┬ deep-eql@0.1.3
239 silly currentTree │ └── type-detect@0.1.1
239 silly currentTree ├── default-require-extensions@2.0.0
239 silly currentTree ├── define-properties@1.1.3
239 silly currentTree ├── delayed-stream@1.0.0
239 silly currentTree ├── denque@1.5.1
239 silly currentTree ├── depd@1.1.2
239 silly currentTree ├── destroy@1.0.4
239 silly currentTree ├── diff@3.5.0
239 silly currentTree ├── ee-first@1.1.1
239 silly currentTree ├── ejs@2.7.4
239 silly currentTree ├── emoji-regex@7.0.3
239 silly currentTree ├── encodeurl@1.0.2
239 silly currentTree ├── errno@0.1.8
239 silly currentTree ├── error-ex@1.3.2
239 silly currentTree ├─┬ es-abstract
239 silly currentTree │ └── object.assign@4.1.2
239 silly currentTree ├── es-to-primitive@1.2.1
239 silly currentTree ├── es6-error@4.1.1
239 silly currentTree ├── es6-promise@3.2.1
239 silly currentTree ├── escalade@3.1.1
239 silly currentTree ├── escape-html@1.0.3
239 silly currentTree ├── escape-string-regexp@1.0.5
239 silly currentTree ├── esprima@4.0.1
239 silly currentTree ├── etag@1.8.1
239 silly currentTree ├── express@4.17.2
239 silly currentTree ├── extend@3.0.2
239 silly currentTree ├── faker@4.1.0
239 silly currentTree ├── fill-range@7.0.1
239 silly currentTree ├── finalhandler@1.1.2
239 silly currentTree ├── find-cache-dir@2.1.0
239 silly currentTree ├── find-up@3.0.0
239 silly currentTree ├── flat@4.1.1
239 silly currentTree ├── foreground-child@1.5.6
239 silly currentTree ├── form-data@2.5.1
239 silly currentTree ├── formidable@1.2.6
239 silly currentTree ├── forwarded@0.2.0
239 silly currentTree ├── fresh@0.5.2
239 silly currentTree ├── fs.realpath@1.0.0
239 silly currentTree ├── function-bind@1.1.1
239 silly currentTree ├── get-caller-file@2.0.5
239 silly currentTree ├── get-intrinsic@1.1.1
239 silly currentTree ├── get-symbol-description@1.0.0
239 silly currentTree ├── glob-parent@5.1.2
239 silly currentTree ├── glob@7.1.3
239 silly currentTree ├── globals@11.12.0
239 silly currentTree ├── graceful-fs@4.2.9
239 silly currentTree ├── growl@1.10.5
239 silly currentTree ├── has-bigints@1.0.1
239 silly currentTree ├── has-flag@3.0.0
239 silly currentTree ├── has-symbols@1.0.2
239 silly currentTree ├── has-tostringtag@1.0.0
239 silly currentTree ├── has@1.0.3
239 silly currentTree ├── hasha@3.0.0
239 silly currentTree ├── he@1.2.0
239 silly currentTree ├── hosted-git-info@2.8.9
239 silly currentTree ├── html-escaper@2.0.2
239 silly currentTree ├── http-errors@1.8.1
239 silly currentTree ├── iconv-lite@0.4.24
239 silly currentTree ├── imurmurhash@0.1.4
239 silly currentTree ├── inflight@1.0.6
239 silly currentTree ├── inherits@2.0.4
239 silly currentTree ├── internal-slot@1.0.3
239 silly currentTree ├── interpret@1.4.0
239 silly currentTree ├── ip-regex@2.1.0
239 silly currentTree ├── ipaddr.js@1.9.1
239 silly currentTree ├── is-arrayish@0.2.1
239 silly currentTree ├── is-bigint@1.0.4
239 silly currentTree ├── is-binary-path@2.1.0
239 silly currentTree ├── is-boolean-object@1.1.2
239 silly currentTree ├── is-buffer@2.0.5
239 silly currentTree ├── is-callable@1.2.4
239 silly currentTree ├── is-core-module@2.8.1
239 silly currentTree ├── is-date-object@1.0.5
239 silly currentTree ├── is-extglob@2.1.1
239 silly currentTree ├── is-fullwidth-code-point@2.0.0
239 silly currentTree ├── is-glob@4.0.3
239 silly currentTree ├── is-ip@2.0.0
239 silly currentTree ├── is-negative-zero@2.0.2
239 silly currentTree ├── is-number-object@1.0.6
239 silly currentTree ├── is-number@7.0.0
239 silly currentTree ├── is-plain-obj@2.1.0
239 silly currentTree ├── is-regex@1.1.4
239 silly currentTree ├── is-shared-array-buffer@1.0.1
239 silly currentTree ├── is-stream@1.1.0
239 silly currentTree ├── is-string@1.0.7
239 silly currentTree ├── is-symbol@1.0.4
239 silly currentTree ├── is-weakref@1.0.2
239 silly currentTree ├── isarray@1.0.0
239 silly currentTree ├── isexe@2.0.0
239 silly currentTree ├── istanbul-lib-coverage@2.0.5
239 silly currentTree ├── istanbul-lib-hook@2.0.7
239 silly currentTree ├─┬ istanbul-lib-instrument@3.3.0
239 silly currentTree │ ├── @babel/traverse@7.16.10
239 silly currentTree │ ├── debug@4.3.3
239 silly currentTree │ ├── ms@2.1.2
239 silly currentTree │ └── semver@6.3.0
239 silly currentTree ├─┬ istanbul-lib-report@2.0.8
239 silly currentTree │ └── supports-color@6.1.0
239 silly currentTree ├─┬ istanbul-lib-source-maps
239 silly currentTree │ ├── debug@4.3.3
239 silly currentTree │ ├── ms@2.1.2
239 silly currentTree │ └── source-map@0.6.1
239 silly currentTree ├── istanbul-reports@2.2.7
239 silly currentTree ├── js-tokens@4.0.0
239 silly currentTree ├── js-yaml@3.13.1
239 silly currentTree ├── jsesc@2.5.2
239 silly currentTree ├── json-parse-better-errors@1.0.2
239 silly currentTree ├─┬ json2mongo@2.0.0
239 silly currentTree │ ├── mongodb@2.2.36
239 silly currentTree │ ├── process-nextick-args@1.0.7
239 silly currentTree │ ├── readable-stream@2.2.7
239 silly currentTree │ ├── safe-buffer@5.1.2
239 silly currentTree │ └── string_decoder@1.0.3
239 silly currentTree ├── kareem@2.3.2
239 silly currentTree ├─┬ load-json-file@4.0.0
239 silly currentTree │ └── pify@3.0.0
239 silly currentTree ├── locate-path@3.0.0
239 silly currentTree ├── lodash.flattendeep@4.4.0
239 silly currentTree ├── lodash@4.17.21
239 silly currentTree ├── log-symbols@2.2.0
239 silly currentTree ├── lru-cache@4.1.5
239 silly currentTree ├── make-dir@2.1.0
239 silly currentTree ├─┬ md5@2.3.0
239 silly currentTree │ └── is-buffer@1.1.6
239 silly currentTree ├── media-typer@0.3.0
239 silly currentTree ├── memory-pager@1.5.0
239 silly currentTree ├── merge-descriptors@1.0.1
239 silly currentTree ├─┬ merge-source-map@1.1.0
239 silly currentTree │ └── source-map@0.6.1
239 silly currentTree ├── methods@1.1.2
239 silly currentTree ├── mime-db@1.51.0
239 silly currentTree ├── mime-types@2.1.34
239 silly currentTree ├── mime@1.6.0
239 silly currentTree ├── minimatch@3.0.4
239 silly currentTree ├── minimist@1.2.5
239 silly currentTree ├── mkdirp@0.5.4
239 silly currentTree ├── mocha-junit-reporter@1.23.3
239 silly currentTree ├─┬ mocha@8.4.0
239 silly currentTree │ ├── ansi-colors@4.1.1
239 silly currentTree │ ├── ansi-regex@5.0.1
239 silly currentTree │ ├── ansi-styles@4.3.0
239 silly currentTree │ ├── argparse@2.0.1
239 silly currentTree │ ├── camelcase@6.3.0
239 silly currentTree │ ├─┬ chalk@4.1.2
239 silly currentTree │ │ └── supports-color@7.2.0
239 silly currentTree │ ├── cliui@7.0.4
239 silly currentTree │ ├── color-convert@2.0.1
239 silly currentTree │ ├── color-name@1.1.4
239 silly currentTree │ ├─┬ debug@4.3.1
239 silly currentTree │ │ └── ms@2.1.2
239 silly currentTree │ ├── decamelize@4.0.0
239 silly currentTree │ ├── diff@5.0.0
239 silly currentTree │ ├── emoji-regex@8.0.0
239 silly currentTree │ ├── escape-string-regexp@4.0.0
239 silly currentTree │ ├── find-up@5.0.0
239 silly currentTree │ ├── flat@5.0.2
239 silly currentTree │ ├── glob@7.1.6
239 silly currentTree │ ├── has-flag@4.0.0
239 silly currentTree │ ├── is-fullwidth-code-point@3.0.0
239 silly currentTree │ ├── js-yaml@4.0.0
239 silly currentTree │ ├── locate-path@6.0.0
239 silly currentTree │ ├── log-symbols@4.0.0
239 silly currentTree │ ├── ms@2.1.3
239 silly currentTree │ ├── p-limit@3.1.0
239 silly currentTree │ ├── p-locate@5.0.0
239 silly currentTree │ ├── path-exists@4.0.0
239 silly currentTree │ ├── string-width@4.2.3
239 silly currentTree │ ├── strip-ansi@6.0.1
239 silly currentTree │ ├── strip-json-comments@3.1.1
239 silly currentTree │ ├── supports-color@8.1.1
239 silly currentTree │ ├── which@2.0.2
239 silly currentTree │ ├── wrap-ansi@7.0.0
239 silly currentTree │ ├── y18n@5.0.8
239 silly currentTree │ ├── yargs-parser@20.2.4
239 silly currentTree │ ├── yargs-unparser@2.0.0
239 silly currentTree │ └── yargs@16.2.0
239 silly currentTree ├─┬ mongodb-core@2.1.20
239 silly currentTree │ └── bson@1.0.9
239 silly currentTree ├── mongodb@3.7.3
239 silly currentTree ├── mongoose-legacy-pluralize@1.0.2
239 silly currentTree ├─┬ mongoose@5.13.14
239 silly currentTree │ ├── ms@2.1.2
239 silly currentTree │ └── optional-require@1.0.3
239 silly currentTree ├── mpath@0.8.4
239 silly currentTree ├─┬ mquery@3.2.5
239 silly currentTree │ ├── debug@3.1.0
239 silly currentTree │ └── safe-buffer@5.1.2
239 silly currentTree ├── ms@2.0.0
239 silly currentTree ├── nanoid@3.1.20
239 silly currentTree ├── negotiator@0.6.2
239 silly currentTree ├── nested-error-stacks@2.1.0
239 silly currentTree ├── node-environment-flags@1.0.5
239 silly currentTree ├── node-mongo-seeds@3.1.0
239 silly currentTree ├── normalize-package-data@2.5.0
239 silly currentTree ├── normalize-path@3.0.0
239 silly currentTree ├── npm-path@2.0.4
239 silly currentTree ├── npm-which@3.0.1
239 silly currentTree ├─┬ nyc@14.1.1
239 silly currentTree │ ├── debug@4.3.3
239 silly currentTree │ ├── istanbul-lib-source-maps@3.0.6
239 silly currentTree │ ├── ms@2.1.2
239 silly currentTree │ └── source-map@0.6.1
239 silly currentTree ├── object-inspect@1.12.0
239 silly currentTree ├── object-keys@1.1.1
239 silly currentTree ├── object.assign@4.1.0
239 silly currentTree ├─┬ object.getownpropertydescriptors@2.1.3
239 silly currentTree │ ├── es-abstract@1.19.1
239 silly currentTree │ └── object.assign@4.1.2
239 silly currentTree ├── on-finished@2.3.0
239 silly currentTree ├── once@1.4.0
239 silly currentTree ├── optional-require@1.1.8
239 silly currentTree ├── os-homedir@1.0.2
239 silly currentTree ├── p-limit@2.3.0
239 silly currentTree ├── p-locate@3.0.0
239 silly currentTree ├── p-try@2.2.0
239 silly currentTree ├── package-hash@3.0.0
239 silly currentTree ├── parse-json@4.0.0
239 silly currentTree ├── parseurl@1.3.3
239 silly currentTree ├── path-exists@3.0.0
239 silly currentTree ├── path-is-absolute@1.0.1
239 silly currentTree ├── path-parse@1.0.7
239 silly currentTree ├── path-to-regexp@0.1.7
239 silly currentTree ├─┬ path-type@3.0.0
239 silly currentTree │ └── pify@3.0.0
239 silly currentTree ├── picomatch@2.3.1
239 silly currentTree ├── pify@4.0.1
239 silly currentTree ├── pkg-dir@3.0.0
239 silly currentTree ├── process-nextick-args@2.0.1
239 silly currentTree ├── proxy-addr@2.0.7
239 silly currentTree ├── prr@1.0.1
239 silly currentTree ├── pseudomap@1.0.2
239 silly currentTree ├── qs@6.9.6
239 silly currentTree ├── randombytes@2.1.0
239 silly currentTree ├── range-parser@1.2.1
239 silly currentTree ├── raw-body@2.4.2
239 silly currentTree ├── read-pkg-up@4.0.0
239 silly currentTree ├── read-pkg@3.0.0
239 silly currentTree ├─┬ readable-stream
239 silly currentTree │ └── safe-buffer@5.1.2
239 silly currentTree ├── readdirp@3.5.0
239 silly currentTree ├── rechoir@0.6.2
239 silly currentTree ├── regexp-clone@1.0.0
239 silly currentTree ├── release-zalgo@1.0.0
239 silly currentTree ├─┬ require_optional@1.0.1
239 silly currentTree │ └── resolve-from@2.0.0
239 silly currentTree ├── require-at@1.0.6
239 silly currentTree ├── require-directory@2.1.1
239 silly currentTree ├── require-main-filename@2.0.0
239 silly currentTree ├── resolve-from@4.0.0
239 silly currentTree ├── resolve@1.22.0
239 silly currentTree ├── rimraf@2.7.1
239 silly currentTree ├── safe-buffer@5.2.1
239 silly currentTree ├── safer-buffer@2.1.2
239 silly currentTree ├── saslprep@1.0.3
239 silly currentTree ├── semver@5.7.1
239 silly currentTree ├─┬ send@0.17.2
239 silly currentTree │ └── ms@2.1.3
239 silly currentTree ├── serialize-javascript@5.0.1
239 silly currentTree ├── serve-static@1.14.2
239 silly currentTree ├── set-blocking@2.0.0
239 silly currentTree ├── setprototypeof@1.2.0
239 silly currentTree ├── shell-escape@0.2.0
239 silly currentTree ├── shelljs@0.8.5
239 silly currentTree ├── side-channel@1.0.4
239 silly currentTree ├── sift@13.5.2
239 silly currentTree ├── signal-exit@3.0.6
239 silly currentTree ├── sliced@1.0.1
239 silly currentTree ├── source-map@0.5.7
239 silly currentTree ├── sparse-bitfield@3.0.3
239 silly currentTree ├── spawn-wrap@1.4.3
239 silly currentTree ├── spdx-correct@3.1.1
239 silly currentTree ├── spdx-exceptions@2.3.0
239 silly currentTree ├── spdx-expression-parse@3.0.1
239 silly currentTree ├── spdx-license-ids@3.0.11
239 silly currentTree ├── spec-xunit-file@0.0.1-3
239 silly currentTree ├── sprintf-js@1.0.3
239 silly currentTree ├── statuses@1.5.0
239 silly currentTree ├─┬ string_decoder@1.1.1
239 silly currentTree │ └── safe-buffer@5.1.2
239 silly currentTree ├── string-width@2.1.1
239 silly currentTree ├── string.prototype.trimend@1.0.4
239 silly currentTree ├── string.prototype.trimstart@1.0.4
239 silly currentTree ├── strip-ansi@4.0.0
239 silly currentTree ├── strip-bom@3.0.0
239 silly currentTree ├── strip-json-comments@2.0.1
239 silly currentTree ├─┬ superagent
239 silly currentTree │ ├── debug@3.2.7
239 silly currentTree │ └── ms@2.1.3
239 silly currentTree ├── supports-color@6.0.0
239 silly currentTree ├── supports-preserve-symlinks-flag@1.0.0
239 silly currentTree ├── test-exclude@5.2.3
239 silly currentTree ├── to-fast-properties@2.0.0
239 silly currentTree ├── to-regex-range@5.0.1
239 silly currentTree ├── toidentifier@1.0.1
239 silly currentTree ├── type-detect@1.0.0
239 silly currentTree ├── type-is@1.6.18
239 silly currentTree ├── unbox-primitive@1.0.1
239 silly currentTree ├── unpipe@1.0.0
239 silly currentTree ├── util-deprecate@1.0.2
239 silly currentTree ├── utils-merge@1.0.1
239 silly currentTree ├── uuid@3.4.0
239 silly currentTree ├── validate-npm-package-license@3.0.4
239 silly currentTree ├── vary@1.1.2
239 silly currentTree ├── which-boxed-primitive@1.0.2
239 silly currentTree ├── which-module@2.0.0
239 silly currentTree ├── which@1.3.1
239 silly currentTree ├── wide-align@1.1.3
239 silly currentTree ├── workerpool@6.1.0
239 silly currentTree ├─┬ wrap-ansi@5.1.0
239 silly currentTree │ ├── ansi-regex@4.1.0
239 silly currentTree │ ├── string-width@3.1.0
239 silly currentTree │ └── strip-ansi@5.2.0
239 silly currentTree ├── wrappy@1.0.2
239 silly currentTree ├── write-file-atomic@2.4.3
239 silly currentTree ├── xml@1.0.1
239 silly currentTree ├── y18n@4.0.3
239 silly currentTree ├── yallist@2.1.2
239 silly currentTree ├── yargs-parser@13.1.2
239 silly currentTree ├── yargs-unparser@1.6.0
239 silly currentTree ├─┬ yargs@13.3.2
239 silly currentTree │ ├── ansi-regex@4.1.0
239 silly currentTree │ ├── cliui@5.0.0
239 silly currentTree │ ├── string-width@3.1.0
239 silly currentTree │ └── strip-ansi@5.2.0
239 silly currentTree └── yocto-queue@0.1.0
240 silly idealTree solution-code@1.0.0
240 silly idealTree ├── @babel/code-frame@7.16.7
240 silly idealTree ├── @babel/generator@7.16.8
240 silly idealTree ├── @babel/helper-environment-visitor@7.16.7
240 silly idealTree ├── @babel/helper-function-name@7.16.7
240 silly idealTree ├── @babel/helper-get-function-arity@7.16.7
240 silly idealTree ├── @babel/helper-hoist-variables@7.16.7
240 silly idealTree ├── @babel/helper-split-export-declaration@7.16.7
240 silly idealTree ├── @babel/helper-validator-identifier@7.16.7
240 silly idealTree ├── @babel/highlight@7.16.10
240 silly idealTree ├── @babel/parser@7.16.12
240 silly idealTree ├── @babel/template@7.16.7
240 silly idealTree ├─┬ @babel/traverse
240 silly idealTree │ ├── debug@4.3.3
240 silly idealTree │ └── ms@2.1.2
240 silly idealTree ├── @babel/types@7.16.8
240 silly idealTree ├── @types/bson@4.0.5
240 silly idealTree ├── @types/chai@4.3.0
240 silly idealTree ├── @types/cookiejar@2.1.2
240 silly idealTree ├── @types/mongodb@3.6.20
240 silly idealTree ├── @types/node@17.0.14
240 silly idealTree ├── @types/superagent@3.8.7
240 silly idealTree ├── @ungap/promise-all-settled@1.1.2
240 silly idealTree ├── accepts@1.3.7
240 silly idealTree ├── ansi-colors@3.2.3
240 silly idealTree ├── ansi-regex@3.0.0
240 silly idealTree ├── ansi-styles@3.2.1
240 silly idealTree ├── anymatch@3.1.2
240 silly idealTree ├── append-transform@1.0.0
240 silly idealTree ├── archy@1.0.0
240 silly idealTree ├── argparse@1.0.10
240 silly idealTree ├── array-flatten@1.1.1
240 silly idealTree ├── assertion-error@1.1.0
240 silly idealTree ├── asynckit@0.4.0
240 silly idealTree ├── balanced-match@1.0.2
240 silly idealTree ├── binary-extensions@2.2.0
240 silly idealTree ├─┬ bl@2.2.1
240 silly idealTree │ └─┬ readable-stream@2.3.7
240 silly idealTree │   └── safe-buffer@5.1.2
240 silly idealTree ├── bluebird@3.5.1
240 silly idealTree ├── body-parser@1.19.1
240 silly idealTree ├── brace-expansion@1.1.11
240 silly idealTree ├── braces@3.0.2
240 silly idealTree ├── browser-stdout@1.3.1
240 silly idealTree ├── bson@1.1.6
240 silly idealTree ├── buffer-shims@1.0.0
240 silly idealTree ├── bytes@3.1.1
240 silly idealTree ├── caching-transform@3.0.2
240 silly idealTree ├── call-bind@1.0.2
240 silly idealTree ├── camelcase@5.3.1
240 silly idealTree ├─┬ chai-http@4.3.0
240 silly idealTree │ ├── debug@3.2.7
240 silly idealTree │ ├── ms@2.1.3
240 silly idealTree │ ├── readable-stream@2.3.7
240 silly idealTree │ ├── safe-buffer@5.1.2
240 silly idealTree │ └── superagent@3.8.3
240 silly idealTree ├── chai-jquery@2.1.0
240 silly idealTree ├── chai@3.5.0
240 silly idealTree ├─┬ chalk@2.4.2
240 silly idealTree │ └── supports-color@5.5.0
240 silly idealTree ├── charenc@0.0.2
240 silly idealTree ├── chokidar@3.5.1
240 silly idealTree ├─┬ cliui
240 silly idealTree │ ├── ansi-regex@4.1.0
240 silly idealTree │ └── strip-ansi@5.2.0
240 silly idealTree ├── color-convert@1.9.3
240 silly idealTree ├── color-name@1.1.3
240 silly idealTree ├── combined-stream@1.0.8
240 silly idealTree ├── commander@2.20.3
240 silly idealTree ├── commondir@1.0.1
240 silly idealTree ├── component-emitter@1.3.0
240 silly idealTree ├── concat-map@0.0.1
240 silly idealTree ├── content-disposition@0.5.4
240 silly idealTree ├── content-type@1.0.4
240 silly idealTree ├─┬ convert-source-map@1.8.0
240 silly idealTree │ └── safe-buffer@5.1.2
240 silly idealTree ├── cookie-signature@1.0.6
240 silly idealTree ├── cookie@0.4.1
240 silly idealTree ├── cookiejar@2.1.3
240 silly idealTree ├── core-util-is@1.0.3
240 silly idealTree ├── cp-file@6.2.0
240 silly idealTree ├── cross-spawn@4.0.2
240 silly idealTree ├── crypt@0.0.2
240 silly idealTree ├── debug@2.6.9
240 silly idealTree ├── decamelize@1.2.0
240 silly idealTree ├─┬ deep-eql@0.1.3
240 silly idealTree │ └── type-detect@0.1.1
240 silly idealTree ├── default-require-extensions@2.0.0
240 silly idealTree ├── define-properties@1.1.3
240 silly idealTree ├── delayed-stream@1.0.0
240 silly idealTree ├── denque@1.5.1
240 silly idealTree ├── depd@1.1.2
240 silly idealTree ├── destroy@1.0.4
240 silly idealTree ├── diff@3.5.0
240 silly idealTree ├── ee-first@1.1.1
240 silly idealTree ├── ejs@2.7.4
240 silly idealTree ├── emoji-regex@7.0.3
240 silly idealTree ├── encodeurl@1.0.2
240 silly idealTree ├── errno@0.1.8
240 silly idealTree ├── error-ex@1.3.2
240 silly idealTree ├─┬ es-abstract
240 silly idealTree │ └── object.assign@4.1.2
240 silly idealTree ├── es-to-primitive@1.2.1
240 silly idealTree ├── es6-error@4.1.1
240 silly idealTree ├── es6-promise@3.2.1
240 silly idealTree ├── escalade@3.1.1
240 silly idealTree ├── escape-html@1.0.3
240 silly idealTree ├── escape-string-regexp@1.0.5
240 silly idealTree ├── esprima@4.0.1
240 silly idealTree ├── etag@1.8.1
240 silly idealTree ├── express@4.17.2
240 silly idealTree ├── extend@3.0.2
240 silly idealTree ├── faker@4.1.0
240 silly idealTree ├── fill-range@7.0.1
240 silly idealTree ├── finalhandler@1.1.2
240 silly idealTree ├── find-cache-dir@2.1.0
240 silly idealTree ├── find-up@3.0.0
240 silly idealTree ├── flat@4.1.1
240 silly idealTree ├── foreground-child@1.5.6
240 silly idealTree ├── form-data@2.5.1
240 silly idealTree ├── formidable@1.2.6
240 silly idealTree ├── forwarded@0.2.0
240 silly idealTree ├── fresh@0.5.2
240 silly idealTree ├── fs.realpath@1.0.0
240 silly idealTree ├── function-bind@1.1.1
240 silly idealTree ├── get-caller-file@2.0.5
240 silly idealTree ├── get-intrinsic@1.1.1
240 silly idealTree ├── get-symbol-description@1.0.0
240 silly idealTree ├── glob-parent@5.1.2
240 silly idealTree ├── glob@7.1.3
240 silly idealTree ├── globals@11.12.0
240 silly idealTree ├── graceful-fs@4.2.9
240 silly idealTree ├── growl@1.10.5
240 silly idealTree ├── has-bigints@1.0.1
240 silly idealTree ├── has-flag@3.0.0
240 silly idealTree ├── has-symbols@1.0.2
240 silly idealTree ├── has-tostringtag@1.0.0
240 silly idealTree ├── has@1.0.3
240 silly idealTree ├── hasha@3.0.0
240 silly idealTree ├── he@1.2.0
240 silly idealTree ├── hosted-git-info@2.8.9
240 silly idealTree ├── html-escaper@2.0.2
240 silly idealTree ├── http-errors@1.8.1
240 silly idealTree ├── iconv-lite@0.4.24
240 silly idealTree ├── imurmurhash@0.1.4
240 silly idealTree ├── inflight@1.0.6
240 silly idealTree ├── inherits@2.0.4
240 silly idealTree ├── internal-slot@1.0.3
240 silly idealTree ├── interpret@1.4.0
240 silly idealTree ├── ip-regex@2.1.0
240 silly idealTree ├── ipaddr.js@1.9.1
240 silly idealTree ├── is-arrayish@0.2.1
240 silly idealTree ├── is-bigint@1.0.4
240 silly idealTree ├── is-binary-path@2.1.0
240 silly idealTree ├── is-boolean-object@1.1.2
240 silly idealTree ├── is-buffer@2.0.5
240 silly idealTree ├── is-callable@1.2.4
240 silly idealTree ├── is-core-module@2.8.1
240 silly idealTree ├── is-date-object@1.0.5
240 silly idealTree ├── is-extglob@2.1.1
240 silly idealTree ├── is-fullwidth-code-point@2.0.0
240 silly idealTree ├── is-glob@4.0.3
240 silly idealTree ├── is-ip@2.0.0
240 silly idealTree ├── is-negative-zero@2.0.2
240 silly idealTree ├── is-number-object@1.0.6
240 silly idealTree ├── is-number@7.0.0
240 silly idealTree ├── is-plain-obj@2.1.0
240 silly idealTree ├── is-regex@1.1.4
240 silly idealTree ├── is-shared-array-buffer@1.0.1
240 silly idealTree ├── is-stream@1.1.0
240 silly idealTree ├── is-string@1.0.7
240 silly idealTree ├── is-symbol@1.0.4
240 silly idealTree ├── is-weakref@1.0.2
240 silly idealTree ├── isarray@1.0.0
240 silly idealTree ├── isexe@2.0.0
240 silly idealTree ├── istanbul-lib-coverage@2.0.5
240 silly idealTree ├── istanbul-lib-hook@2.0.7
240 silly idealTree ├─┬ istanbul-lib-instrument@3.3.0
240 silly idealTree │ ├── @babel/traverse@7.16.10
240 silly idealTree │ ├── debug@4.3.3
240 silly idealTree │ ├── ms@2.1.2
240 silly idealTree │ └── semver@6.3.0
240 silly idealTree ├─┬ istanbul-lib-report@2.0.8
240 silly idealTree │ └── supports-color@6.1.0
240 silly idealTree ├─┬ istanbul-lib-source-maps
240 silly idealTree │ ├── debug@4.3.3
240 silly idealTree │ ├── ms@2.1.2
240 silly idealTree │ └── source-map@0.6.1
240 silly idealTree ├── istanbul-reports@2.2.7
240 silly idealTree ├─┬ jenkins-mocha@8.0.0
240 silly idealTree │ ├── debug@3.2.6
240 silly idealTree │ ├── mocha@6.2.3
240 silly idealTree │ └── ms@2.1.1
240 silly idealTree ├── js-tokens@4.0.0
240 silly idealTree ├── js-yaml@3.13.1
240 silly idealTree ├── jsesc@2.5.2
240 silly idealTree ├── json-parse-better-errors@1.0.2
240 silly idealTree ├─┬ json2mongo@2.0.0
240 silly idealTree │ ├── mongodb@2.2.36
240 silly idealTree │ ├── process-nextick-args@1.0.7
240 silly idealTree │ ├── readable-stream@2.2.7
240 silly idealTree │ ├── safe-buffer@5.1.2
240 silly idealTree │ └── string_decoder@1.0.3
240 silly idealTree ├── kareem@2.3.2
240 silly idealTree ├─┬ load-json-file@4.0.0
240 silly idealTree │ └── pify@3.0.0
240 silly idealTree ├── locate-path@3.0.0
240 silly idealTree ├── lodash.flattendeep@4.4.0
240 silly idealTree ├── lodash@4.17.21
240 silly idealTree ├── log-symbols@2.2.0
240 silly idealTree ├── lru-cache@4.1.5
240 silly idealTree ├── make-dir@2.1.0
240 silly idealTree ├─┬ md5@2.3.0
240 silly idealTree │ └── is-buffer@1.1.6
240 silly idealTree ├── media-typer@0.3.0
240 silly idealTree ├── memory-pager@1.5.0
240 silly idealTree ├── merge-descriptors@1.0.1
240 silly idealTree ├─┬ merge-source-map@1.1.0
240 silly idealTree │ └── source-map@0.6.1
240 silly idealTree ├── methods@1.1.2
240 silly idealTree ├── mime-db@1.51.0
240 silly idealTree ├── mime-types@2.1.34
240 silly idealTree ├── mime@1.6.0
240 silly idealTree ├── minimatch@3.0.4
240 silly idealTree ├── minimist@1.2.5
240 silly idealTree ├── mkdirp@0.5.4
240 silly idealTree ├── mocha-junit-reporter@1.23.3
240 silly idealTree ├─┬ mocha@8.4.0
240 silly idealTree │ ├── ansi-colors@4.1.1
240 silly idealTree │ ├── ansi-regex@5.0.1
240 silly idealTree │ ├── ansi-styles@4.3.0
240 silly idealTree │ ├── argparse@2.0.1
240 silly idealTree │ ├── camelcase@6.3.0
240 silly idealTree │ ├─┬ chalk@4.1.2
240 silly idealTree │ │ └── supports-color@7.2.0
240 silly idealTree │ ├── cliui@7.0.4
240 silly idealTree │ ├── color-convert@2.0.1
240 silly idealTree │ ├── color-name@1.1.4
240 silly idealTree │ ├─┬ debug@4.3.1
240 silly idealTree │ │ └── ms@2.1.2
240 silly idealTree │ ├── decamelize@4.0.0
240 silly idealTree │ ├── diff@5.0.0
240 silly idealTree │ ├── emoji-regex@8.0.0
240 silly idealTree │ ├── escape-string-regexp@4.0.0
240 silly idealTree │ ├── find-up@5.0.0
240 silly idealTree │ ├── flat@5.0.2
240 silly idealTree │ ├── glob@7.1.6
240 silly idealTree │ ├── has-flag@4.0.0
240 silly idealTree │ ├── is-fullwidth-code-point@3.0.0
240 silly idealTree │ ├── js-yaml@4.0.0
240 silly idealTree │ ├── locate-path@6.0.0
240 silly idealTree │ ├── log-symbols@4.0.0
240 silly idealTree │ ├── ms@2.1.3
240 silly idealTree │ ├── p-limit@3.1.0
240 silly idealTree │ ├── p-locate@5.0.0
240 silly idealTree │ ├── path-exists@4.0.0
240 silly idealTree │ ├── string-width@4.2.3
240 silly idealTree │ ├── strip-ansi@6.0.1
240 silly idealTree │ ├── strip-json-comments@3.1.1
240 silly idealTree │ ├── supports-color@8.1.1
240 silly idealTree │ ├── which@2.0.2
240 silly idealTree │ ├── wrap-ansi@7.0.0
240 silly idealTree │ ├── y18n@5.0.8
240 silly idealTree │ ├── yargs-parser@20.2.4
240 silly idealTree │ ├── yargs-unparser@2.0.0
240 silly idealTree │ └── yargs@16.2.0
240 silly idealTree ├─┬ mongodb-core@2.1.20
240 silly idealTree │ └── bson@1.0.9
240 silly idealTree ├── mongodb@3.7.3
240 silly idealTree ├── mongoose-legacy-pluralize@1.0.2
240 silly idealTree ├─┬ mongoose@5.13.14
240 silly idealTree │ ├── ms@2.1.2
240 silly idealTree │ └── optional-require@1.0.3
240 silly idealTree ├── mpath@0.8.4
240 silly idealTree ├─┬ mquery@3.2.5
240 silly idealTree │ ├── debug@3.1.0
240 silly idealTree │ └── safe-buffer@5.1.2
240 silly idealTree ├── ms@2.0.0
240 silly idealTree ├── nanoid@3.1.20
240 silly idealTree ├── negotiator@0.6.2
240 silly idealTree ├── nested-error-stacks@2.1.0
240 silly idealTree ├── node-environment-flags@1.0.5
240 silly idealTree ├── node-mongo-seeds@3.1.0
240 silly idealTree ├── normalize-package-data@2.5.0
240 silly idealTree ├── normalize-path@3.0.0
240 silly idealTree ├── npm-path@2.0.4
240 silly idealTree ├── npm-which@3.0.1
240 silly idealTree ├─┬ nyc@14.1.1
240 silly idealTree │ ├── debug@4.3.3
240 silly idealTree │ ├── istanbul-lib-source-maps@3.0.6
240 silly idealTree │ ├── ms@2.1.2
240 silly idealTree │ └── source-map@0.6.1
240 silly idealTree ├── object-inspect@1.12.0
240 silly idealTree ├── object-keys@1.1.1
240 silly idealTree ├── object.assign@4.1.0
240 silly idealTree ├─┬ object.getownpropertydescriptors@2.1.3
240 silly idealTree │ ├── es-abstract@1.19.1
240 silly idealTree │ └── object.assign@4.1.2
240 silly idealTree ├── on-finished@2.3.0
240 silly idealTree ├── once@1.4.0
240 silly idealTree ├── optional-require@1.1.8
240 silly idealTree ├── os-homedir@1.0.2
240 silly idealTree ├── p-limit@2.3.0
240 silly idealTree ├── p-locate@3.0.0
240 silly idealTree ├── p-try@2.2.0
240 silly idealTree ├── package-hash@3.0.0
240 silly idealTree ├── parse-json@4.0.0
240 silly idealTree ├── parseurl@1.3.3
240 silly idealTree ├── path-exists@3.0.0
240 silly idealTree ├── path-is-absolute@1.0.1
240 silly idealTree ├── path-parse@1.0.7
240 silly idealTree ├── path-to-regexp@0.1.7
240 silly idealTree ├─┬ path-type@3.0.0
240 silly idealTree │ └── pify@3.0.0
240 silly idealTree ├── picomatch@2.3.1
240 silly idealTree ├── pify@4.0.1
240 silly idealTree ├── pkg-dir@3.0.0
240 silly idealTree ├── process-nextick-args@2.0.1
240 silly idealTree ├── proxy-addr@2.0.7
240 silly idealTree ├── prr@1.0.1
240 silly idealTree ├── pseudomap@1.0.2
240 silly idealTree ├── qs@6.9.6
240 silly idealTree ├── randombytes@2.1.0
240 silly idealTree ├── range-parser@1.2.1
240 silly idealTree ├── raw-body@2.4.2
240 silly idealTree ├── read-pkg-up@4.0.0
240 silly idealTree ├── read-pkg@3.0.0
240 silly idealTree ├─┬ readable-stream
240 silly idealTree │ └── safe-buffer@5.1.2
240 silly idealTree ├── readdirp@3.5.0
240 silly idealTree ├── rechoir@0.6.2
240 silly idealTree ├── regexp-clone@1.0.0
240 silly idealTree ├── release-zalgo@1.0.0
240 silly idealTree ├─┬ require_optional@1.0.1
240 silly idealTree │ └── resolve-from@2.0.0
240 silly idealTree ├── require-at@1.0.6
240 silly idealTree ├── require-directory@2.1.1
240 silly idealTree ├── require-main-filename@2.0.0
240 silly idealTree ├── resolve-from@4.0.0
240 silly idealTree ├── resolve@1.22.0
240 silly idealTree ├── rimraf@2.7.1
240 silly idealTree ├── safe-buffer@5.2.1
240 silly idealTree ├── safer-buffer@2.1.2
240 silly idealTree ├── saslprep@1.0.3
240 silly idealTree ├── semver@5.7.1
240 silly idealTree ├─┬ send@0.17.2
240 silly idealTree │ └── ms@2.1.3
240 silly idealTree ├── serialize-javascript@5.0.1
240 silly idealTree ├── serve-static@1.14.2
240 silly idealTree ├── set-blocking@2.0.0
240 silly idealTree ├── setprototypeof@1.2.0
240 silly idealTree ├── shell-escape@0.2.0
240 silly idealTree ├── shelljs@0.8.5
240 silly idealTree ├── side-channel@1.0.4
240 silly idealTree ├── sift@13.5.2
240 silly idealTree ├── signal-exit@3.0.6
240 silly idealTree ├── sliced@1.0.1
240 silly idealTree ├── source-map@0.5.7
240 silly idealTree ├── sparse-bitfield@3.0.3
240 silly idealTree ├── spawn-wrap@1.4.3
240 silly idealTree ├── spdx-correct@3.1.1
240 silly idealTree ├── spdx-exceptions@2.3.0
240 silly idealTree ├── spdx-expression-parse@3.0.1
240 silly idealTree ├── spdx-license-ids@3.0.11
240 silly idealTree ├── spec-xunit-file@0.0.1-3
240 silly idealTree ├── sprintf-js@1.0.3
240 silly idealTree ├── statuses@1.5.0
240 silly idealTree ├─┬ string_decoder@1.1.1
240 silly idealTree │ └── safe-buffer@5.1.2
240 silly idealTree ├── string-width@2.1.1
240 silly idealTree ├── string.prototype.trimend@1.0.4
240 silly idealTree ├── string.prototype.trimstart@1.0.4
240 silly idealTree ├── strip-ansi@4.0.0
240 silly idealTree ├── strip-bom@3.0.0
240 silly idealTree ├── strip-json-comments@2.0.1
240 silly idealTree ├─┬ superagent
240 silly idealTree │ ├── debug@3.2.7
240 silly idealTree │ └── ms@2.1.3
240 silly idealTree ├── supports-color@6.0.0
240 silly idealTree ├── supports-preserve-symlinks-flag@1.0.0
240 silly idealTree ├── test-exclude@5.2.3
240 silly idealTree ├── to-fast-properties@2.0.0
240 silly idealTree ├── to-regex-range@5.0.1
240 silly idealTree ├── toidentifier@1.0.1
240 silly idealTree ├── type-detect@1.0.0
240 silly idealTree ├── type-is@1.6.18
240 silly idealTree ├── unbox-primitive@1.0.1
240 silly idealTree ├── unpipe@1.0.0
240 silly idealTree ├── util-deprecate@1.0.2
240 silly idealTree ├── utils-merge@1.0.1
240 silly idealTree ├── uuid@3.4.0
240 silly idealTree ├── validate-npm-package-license@3.0.4
240 silly idealTree ├── vary@1.1.2
240 silly idealTree ├── which-boxed-primitive@1.0.2
240 silly idealTree ├── which-module@2.0.0
240 silly idealTree ├── which@1.3.1
240 silly idealTree ├── wide-align@1.1.3
240 silly idealTree ├── workerpool@6.1.0
240 silly idealTree ├─┬ wrap-ansi@5.1.0
240 silly idealTree │ ├── ansi-regex@4.1.0
240 silly idealTree │ ├── string-width@3.1.0
240 silly idealTree │ └── strip-ansi@5.2.0
240 silly idealTree ├── wrappy@1.0.2
240 silly idealTree ├── write-file-atomic@2.4.3
240 silly idealTree ├── xml@1.0.1
240 silly idealTree ├── y18n@4.0.3
240 silly idealTree ├── yallist@2.1.2
240 silly idealTree ├── yargs-parser@13.1.2
240 silly idealTree ├── yargs-unparser@1.6.0
240 silly idealTree ├─┬ yargs@13.3.2
240 silly idealTree │ ├── ansi-regex@4.1.0
240 silly idealTree │ ├── cliui@5.0.0
240 silly idealTree │ ├── string-width@3.1.0
240 silly idealTree │ └── strip-ansi@5.2.0
240 silly idealTree └── yocto-queue@0.1.0
241 silly generateActionsToTake Starting
242 silly install generateActionsToTake
243 silly generateActionsToTake Finishing
244 silly diffTrees action count 4
245 silly diffTrees add ms@2.1.1
246 silly diffTrees add debug@3.2.6
247 silly diffTrees add mocha@6.2.3
248 silly diffTrees add jenkins-mocha@8.0.0
249 silly decomposeActions action count 32
250 silly decomposeActions fetch ms@2.1.1
251 silly decomposeActions extract ms@2.1.1
252 silly decomposeActions test ms@2.1.1
253 silly decomposeActions preinstall ms@2.1.1
254 silly decomposeActions build ms@2.1.1
255 silly decomposeActions install ms@2.1.1
256 silly decomposeActions postinstall ms@2.1.1
257 silly decomposeActions finalize ms@2.1.1
258 silly decomposeActions fetch debug@3.2.6
259 silly decomposeActions extract debug@3.2.6
260 silly decomposeActions test debug@3.2.6
261 silly decomposeActions preinstall debug@3.2.6
262 silly decomposeActions build debug@3.2.6
263 silly decomposeActions install debug@3.2.6
264 silly decomposeActions postinstall debug@3.2.6
265 silly decomposeActions finalize debug@3.2.6
266 silly decomposeActions fetch mocha@6.2.3
267 silly decomposeActions extract mocha@6.2.3
268 silly decomposeActions test mocha@6.2.3
269 silly decomposeActions preinstall mocha@6.2.3
270 silly decomposeActions build mocha@6.2.3
271 silly decomposeActions install mocha@6.2.3
272 silly decomposeActions postinstall mocha@6.2.3
273 silly decomposeActions finalize mocha@6.2.3
274 silly decomposeActions fetch jenkins-mocha@8.0.0
275 silly decomposeActions extract jenkins-mocha@8.0.0
276 silly decomposeActions test jenkins-mocha@8.0.0
277 silly decomposeActions preinstall jenkins-mocha@8.0.0
278 silly decomposeActions build jenkins-mocha@8.0.0
279 silly decomposeActions install jenkins-mocha@8.0.0
280 silly decomposeActions postinstall jenkins-mocha@8.0.0
281 silly decomposeActions finalize jenkins-mocha@8.0.0
282 silly runTopLevelLifecycles Starting
283 silly install runPreinstallTopLevelLifecycles
284 silly preinstall solution-code@1.0.0 /home/vagrant/app/app/solution-code-18969f7f
285 info lifecycle solution-code@1.0.0~preinstall: solution-code@1.0.0
286 silly lifecycle solution-code@1.0.0~preinstall: no script for preinstall, continuing
287 silly executeActions Starting
288 silly install executeActions
289 silly doSerial global-install 0
290 silly doParallel fetch 4
291 verbose correctMkdir /home/vagrant/.npm/_locks correctMkdir not in flight; initializing
292 verbose makeDirectory /home/vagrant/.npm/_locks creation not in flight; initializing
293 silly makeDirectory /home/vagrant/.npm/_locks uid: 1000 gid: 1000
294 verbose lock using /home/vagrant/.npm/_locks/staging-7c40a3049ed25df8.lock for /home/vagrant/app/app/node_modules/.staging
295 silly doParallel extract 4
296 silly extract ms@2.1.1
297 silly extract debug@3.2.6
298 silly extract mocha@6.2.3
299 silly extract jenkins-mocha@8.0.0
300 verbose unbuild node_modules/.staging/ms-8775b7b9
301 verbose unbuild node_modules/.staging/debug-fa86bfc6
302 verbose unbuild node_modules/.staging/mocha-88474b9b
303 verbose unbuild node_modules/.staging/jenkins-mocha-7c98d79d
304 silly gentlyRm /home/vagrant/app/app/node_modules/.staging/ms-8775b7b9 is being purged from base /home/vagrant/app/app
305 verbose gentlyRm don't care about contents; nuking /home/vagrant/app/app/node_modules/.staging/ms-8775b7b9
306 silly gentlyRm /home/vagrant/app/app/node_modules/.staging/debug-fa86bfc6 is being purged from base /home/vagrant/app/app
307 verbose gentlyRm don't care about contents; nuking /home/vagrant/app/app/node_modules/.staging/debug-fa86bfc6
308 silly gentlyRm /home/vagrant/app/app/node_modules/.staging/mocha-88474b9b is being purged from base /home/vagrant/app/app
309 verbose gentlyRm don't care about contents; nuking /home/vagrant/app/app/node_modules/.staging/mocha-88474b9b
310 verbose tar unpack /home/vagrant/.npm/ms/2.1.1/package.tgz
311 verbose tar unpacking to /home/vagrant/app/app/node_modules/.staging/ms-8775b7b9
312 silly gentlyRm /home/vagrant/app/app/node_modules/.staging/ms-8775b7b9 is being purged
313 verbose gentlyRm don't care about contents; nuking /home/vagrant/app/app/node_modules/.staging/ms-8775b7b9
314 silly gentlyRm /home/vagrant/app/app/node_modules/.staging/jenkins-mocha-7c98d79d is being purged from base /home/vagrant/app/app
315 verbose gentlyRm don't care about contents; nuking /home/vagrant/app/app/node_modules/.staging/jenkins-mocha-7c98d79d
316 verbose tar unpack /home/vagrant/.npm/debug/3.2.6/package.tgz
317 verbose tar unpacking to /home/vagrant/app/app/node_modules/.staging/debug-fa86bfc6
318 silly gentlyRm /home/vagrant/app/app/node_modules/.staging/debug-fa86bfc6 is being purged
319 verbose gentlyRm don't care about contents; nuking /home/vagrant/app/app/node_modules/.staging/debug-fa86bfc6
320 verbose tar unpack /home/vagrant/.npm/mocha/6.2.3/package.tgz
321 verbose tar unpacking to /home/vagrant/app/app/node_modules/.staging/mocha-88474b9b
322 silly gentlyRm /home/vagrant/app/app/node_modules/.staging/mocha-88474b9b is being purged
323 verbose gentlyRm don't care about contents; nuking /home/vagrant/app/app/node_modules/.staging/mocha-88474b9b
324 verbose tar unpack /home/vagrant/.npm/jenkins-mocha/8.0.0/package.tgz
325 verbose tar unpacking to /home/vagrant/app/app/node_modules/.staging/jenkins-mocha-7c98d79d
326 silly gentlyRm /home/vagrant/app/app/node_modules/.staging/jenkins-mocha-7c98d79d is being purged
327 verbose gentlyRm don't care about contents; nuking /home/vagrant/app/app/node_modules/.staging/jenkins-mocha-7c98d79d
328 silly gunzTarPerm modes [ '775', '664' ]
329 silly gunzTarPerm modes [ '775', '664' ]
330 silly gunzTarPerm modes [ '775', '664' ]
331 silly gunzTarPerm modes [ '775', '664' ]
332 silly gunzTarPerm extractEntry package.json
333 silly gunzTarPerm modified mode [ 'package.json', 420, 436 ]
334 silly gunzTarPerm extractEntry package.json
335 silly gunzTarPerm modified mode [ 'package.json', 420, 436 ]
336 silly gunzTarPerm extractEntry package.json
337 silly gunzTarPerm modified mode [ 'package.json', 420, 436 ]
338 silly gunzTarPerm extractEntry bin/_mocha
339 silly gunzTarPerm modified mode [ 'bin/_mocha', 511, 509 ]
340 silly gunzTarPerm extractEntry LICENSE
341 silly gunzTarPerm modified mode [ 'LICENSE', 438, 436 ]
342 silly gunzTarPerm extractEntry bin/mocha
343 silly gunzTarPerm modified mode [ 'bin/mocha', 511, 509 ]
344 silly gunzTarPerm extractEntry index.js
345 silly gunzTarPerm modified mode [ 'index.js', 420, 436 ]
346 silly gunzTarPerm extractEntry license.md
347 silly gunzTarPerm modified mode [ 'license.md', 420, 436 ]
348 silly gunzTarPerm extractEntry CHANGELOG.md
349 silly gunzTarPerm modified mode [ 'CHANGELOG.md', 420, 436 ]
350 silly gunzTarPerm extractEntry LICENSE
351 silly gunzTarPerm modified mode [ 'LICENSE', 420, 436 ]
352 silly gunzTarPerm extractEntry .DS_Store
353 silly gunzTarPerm modified mode [ '.DS_Store', 420, 436 ]
354 silly gunzTarPerm extractEntry LICENSE
355 silly gunzTarPerm modified mode [ 'LICENSE', 420, 436 ]
356 silly gunzTarPerm extractEntry node.js
357 silly gunzTarPerm modified mode [ 'node.js', 420, 436 ]
358 silly gunzTarPerm extractEntry README.md
359 silly gunzTarPerm modified mode [ 'README.md', 420, 436 ]
360 silly gunzTarPerm extractEntry screwdriver.yaml
361 silly gunzTarPerm modified mode [ 'screwdriver.yaml', 420, 436 ]
362 silly gunzTarPerm extractEntry readme.md
363 silly gunzTarPerm modified mode [ 'readme.md', 420, 436 ]
364 silly gunzTarPerm extractEntry mocha.css
365 silly gunzTarPerm modified mode [ 'mocha.css', 438, 436 ]
366 silly gunzTarPerm extractEntry lib/browser/template.html
367 silly gunzTarPerm modified mode [ 'lib/browser/template.html', 438, 436 ]
368 silly gunzTarPerm extractEntry bin/jenkins.js
369 silly gunzTarPerm modified mode [ 'bin/jenkins.js', 493, 509 ]
370 silly gunzTarPerm extractEntry README.md
371 silly gunzTarPerm modified mode [ 'README.md', 420, 436 ]
372 silly gunzTarPerm extractEntry dist/debug.js
373 silly gunzTarPerm modified mode [ 'dist/debug.js', 420, 436 ]
374 silly gunzTarPerm extractEntry lib/reporters/base.js
375 silly gunzTarPerm modified mode [ 'lib/reporters/base.js', 438, 436 ]
376 silly gunzTarPerm extractEntry lib/interfaces/bdd.js
377 silly gunzTarPerm modified mode [ 'lib/interfaces/bdd.js', 438, 436 ]
378 silly gunzTarPerm extractEntry lib/jenkins.js
379 silly gunzTarPerm modified mode [ 'lib/jenkins.js', 420, 436 ]
380 silly gunzTarPerm extractEntry test/jenkins.test.js
381 silly gunzTarPerm modified mode [ 'test/jenkins.test.js', 420, 436 ]
382 silly gunzTarPerm extractEntry src/browser.js
383 silly gunzTarPerm modified mode [ 'src/browser.js', 420, 436 ]
384 silly gunzTarPerm extractEntry src/common.js
385 silly gunzTarPerm modified mode [ 'src/common.js', 420, 436 ]
386 silly gunzTarPerm extractEntry browser-entry.js
387 silly gunzTarPerm modified mode [ 'browser-entry.js', 438, 436 ]
388 silly gunzTarPerm extractEntry lib/cli/cli.js
389 silly gunzTarPerm modified mode [ 'lib/cli/cli.js', 511, 509 ]
390 silly gunzTarPerm extractEntry src/index.js
391 silly gunzTarPerm modified mode [ 'src/index.js', 420, 436 ]
392 silly gunzTarPerm extractEntry src/node.js
393 silly gunzTarPerm modified mode [ 'src/node.js', 420, 436 ]
394 silly gunzTarPerm extractEntry lib/cli/collect-files.js
395 silly gunzTarPerm modified mode [ 'lib/cli/collect-files.js', 438, 436 ]
396 silly gunzTarPerm extractEntry lib/cli/commands.js
397 silly gunzTarPerm modified mode [ 'lib/cli/commands.js', 438, 436 ]
398 silly gentlyRm /home/vagrant/app/app/node_modules/.staging/ms-8775b7b9/node_modules is being purged
399 verbose gentlyRm don't care about contents; nuking /home/vagrant/app/app/node_modules/.staging/ms-8775b7b9/node_modules
400 silly gunzTarPerm extractEntry lib/interfaces/common.js
401 silly gunzTarPerm modified mode [ 'lib/interfaces/common.js', 438, 436 ]
402 silly gunzTarPerm extractEntry lib/cli/config.js
403 silly gunzTarPerm modified mode [ 'lib/cli/config.js', 438, 436 ]
404 silly gunzTarPerm extractEntry lib/context.js
405 silly gunzTarPerm modified mode [ 'lib/context.js', 438, 436 ]
406 silly gunzTarPerm extractEntry lib/reporters/doc.js
407 silly gunzTarPerm modified mode [ 'lib/reporters/doc.js', 438, 436 ]
408 silly gunzTarPerm extractEntry lib/reporters/dot.js
409 silly gunzTarPerm modified mode [ 'lib/reporters/dot.js', 438, 436 ]
410 silly gunzTarPerm extractEntry lib/errors.js
411 silly gunzTarPerm modified mode [ 'lib/errors.js', 438, 436 ]
412 silly gentlyRm /home/vagrant/app/app/node_modules/.staging/jenkins-mocha-7c98d79d/node_modules is being purged
413 verbose gentlyRm don't care about contents; nuking /home/vagrant/app/app/node_modules/.staging/jenkins-mocha-7c98d79d/node_modules
414 silly gunzTarPerm extractEntry lib/interfaces/exports.js
415 silly gunzTarPerm modified mode [ 'lib/interfaces/exports.js', 438, 436 ]
416 silly gunzTarPerm extractEntry lib/browser/growl.js
417 silly gunzTarPerm modified mode [ 'lib/browser/growl.js', 438, 436 ]
418 silly gunzTarPerm extractEntry lib/growl.js
419 silly gunzTarPerm modified mode [ 'lib/growl.js', 438, 436 ]
420 silly gunzTarPerm extractEntry lib/hook.js
421 silly gunzTarPerm modified mode [ 'lib/hook.js', 438, 436 ]
422 silly gentlyRm /home/vagrant/app/app/node_modules/.staging/debug-fa86bfc6/node_modules is being purged
423 verbose gentlyRm don't care about contents; nuking /home/vagrant/app/app/node_modules/.staging/debug-fa86bfc6/node_modules
424 silly gunzTarPerm extractEntry lib/reporters/html.js
425 silly gunzTarPerm modified mode [ 'lib/reporters/html.js', 438, 436 ]
426 silly gunzTarPerm extractEntry index.js
427 silly gunzTarPerm modified mode [ 'index.js', 438, 436 ]
428 silly gunzTarPerm extractEntry lib/cli/index.js
429 silly gunzTarPerm modified mode [ 'lib/cli/index.js', 438, 436 ]
430 silly gunzTarPerm extractEntry lib/interfaces/index.js
431 silly gunzTarPerm modified mode [ 'lib/interfaces/index.js', 438, 436 ]
432 silly gunzTarPerm extractEntry lib/reporters/index.js
433 silly gunzTarPerm modified mode [ 'lib/reporters/index.js', 438, 436 ]
434 silly gunzTarPerm extractEntry lib/cli/init.js
435 silly gunzTarPerm modified mode [ 'lib/cli/init.js', 438, 436 ]
436 silly gunzTarPerm extractEntry lib/reporters/json-stream.js
437 silly gunzTarPerm modified mode [ 'lib/reporters/json-stream.js', 438, 436 ]
438 silly gunzTarPerm extractEntry lib/reporters/json.js
439 silly gunzTarPerm modified mode [ 'lib/reporters/json.js', 438, 436 ]
440 silly gunzTarPerm extractEntry lib/reporters/landing.js
441 silly gunzTarPerm modified mode [ 'lib/reporters/landing.js', 438, 436 ]
442 silly gunzTarPerm extractEntry lib/reporters/list.js
443 silly gunzTarPerm modified mode [ 'lib/reporters/list.js', 438, 436 ]
444 silly gunzTarPerm extractEntry lib/reporters/markdown.js
445 silly gunzTarPerm modified mode [ 'lib/reporters/markdown.js', 438, 436 ]
446 silly gunzTarPerm extractEntry lib/reporters/min.js
447 silly gunzTarPerm modified mode [ 'lib/reporters/min.js', 438, 436 ]
448 silly gunzTarPerm extractEntry lib/mocha.js
449 silly gunzTarPerm modified mode [ 'lib/mocha.js', 438, 436 ]
450 silly gunzTarPerm extractEntry mocha.js
451 silly gunzTarPerm modified mode [ 'mocha.js', 438, 436 ]
452 silly gunzTarPerm extractEntry lib/cli/node-flags.js
453 silly gunzTarPerm modified mode [ 'lib/cli/node-flags.js', 438, 436 ]
454 silly gunzTarPerm extractEntry lib/reporters/nyan.js
455 silly gunzTarPerm modified mode [ 'lib/reporters/nyan.js', 438, 436 ]
456 silly gunzTarPerm extractEntry lib/cli/one-and-dones.js
457 silly gunzTarPerm modified mode [ 'lib/cli/one-and-dones.js', 438, 436 ]
458 silly gunzTarPerm extractEntry bin/options.js
459 silly gunzTarPerm modified mode [ 'bin/options.js', 438, 436 ]
460 silly gunzTarPerm extractEntry lib/cli/options.js
461 silly gunzTarPerm modified mode [ 'lib/cli/options.js', 438, 436 ]
462 silly gunzTarPerm extractEntry lib/pending.js
463 silly gunzTarPerm modified mode [ 'lib/pending.js', 438, 436 ]
464 silly gunzTarPerm extractEntry lib/browser/progress.js
465 silly gunzTarPerm modified mode [ 'lib/browser/progress.js', 438, 436 ]
466 silly gunzTarPerm extractEntry lib/reporters/progress.js
467 silly gunzTarPerm modified mode [ 'lib/reporters/progress.js', 438, 436 ]
468 silly gunzTarPerm extractEntry lib/interfaces/qunit.js
469 silly gunzTarPerm modified mode [ 'lib/interfaces/qunit.js', 438, 436 ]
470 silly gunzTarPerm extractEntry lib/cli/run-helpers.js
471 silly gunzTarPerm modified mode [ 'lib/cli/run-helpers.js', 438, 436 ]
472 silly gunzTarPerm extractEntry lib/cli/run-option-metadata.js
473 silly gunzTarPerm modified mode [ 'lib/cli/run-option-metadata.js', 438, 436 ]
474 silly gunzTarPerm extractEntry lib/cli/run.js
475 silly gunzTarPerm modified mode [ 'lib/cli/run.js', 438, 436 ]
476 silly gunzTarPerm extractEntry lib/runnable.js
477 silly gunzTarPerm modified mode [ 'lib/runnable.js', 438, 436 ]
478 silly gunzTarPerm extractEntry lib/runner.js
479 silly gunzTarPerm modified mode [ 'lib/runner.js', 438, 436 ]
480 silly gunzTarPerm extractEntry lib/reporters/spec.js
481 silly gunzTarPerm modified mode [ 'lib/reporters/spec.js', 438, 436 ]
482 silly gunzTarPerm extractEntry lib/stats-collector.js
483 silly gunzTarPerm modified mode [ 'lib/stats-collector.js', 438, 436 ]
484 silly gunzTarPerm extractEntry lib/suite.js
485 silly gunzTarPerm modified mode [ 'lib/suite.js', 438, 436 ]
486 silly gunzTarPerm extractEntry lib/reporters/tap.js
487 silly gunzTarPerm modified mode [ 'lib/reporters/tap.js', 438, 436 ]
488 silly gunzTarPerm extractEntry lib/interfaces/tdd.js
489 silly gunzTarPerm modified mode [ 'lib/interfaces/tdd.js', 438, 436 ]
490 silly gunzTarPerm extractEntry lib/test.js
491 silly gunzTarPerm modified mode [ 'lib/test.js', 438, 436 ]
492 silly gunzTarPerm extractEntry lib/browser/tty.js
493 silly gunzTarPerm modified mode [ 'lib/browser/tty.js', 438, 436 ]
494 silly gunzTarPerm extractEntry lib/utils.js
495 silly gunzTarPerm modified mode [ 'lib/utils.js', 438, 436 ]
496 silly gunzTarPerm extractEntry lib/cli/watch-run.js
497 silly gunzTarPerm modified mode [ 'lib/cli/watch-run.js', 438, 436 ]
498 silly gunzTarPerm extractEntry lib/reporters/xunit.js
499 silly gunzTarPerm modified mode [ 'lib/reporters/xunit.js', 438, 436 ]
500 silly gunzTarPerm extractEntry lib/mocharc.json
501 silly gunzTarPerm modified mode [ 'lib/mocharc.json', 438, 436 ]
502 silly gunzTarPerm extractEntry package.json
503 silly gunzTarPerm modified mode [ 'package.json', 438, 436 ]
504 silly gunzTarPerm extractEntry CHANGELOG.md
505 silly gunzTarPerm modified mode [ 'CHANGELOG.md', 438, 436 ]
506 silly gunzTarPerm extractEntry README.md
507 silly gunzTarPerm modified mode [ 'README.md', 438, 436 ]
508 silly gunzTarPerm extractEntry assets/growl/error.png
509 silly gunzTarPerm modified mode [ 'assets/growl/error.png', 438, 436 ]
510 silly gunzTarPerm extractEntry assets/growl/ok.png
511 silly gunzTarPerm modified mode [ 'assets/growl/ok.png', 438, 436 ]
512 silly gentlyRm /home/vagrant/app/app/node_modules/.staging/mocha-88474b9b/node_modules is being purged
513 verbose gentlyRm don't care about contents; nuking /home/vagrant/app/app/node_modules/.staging/mocha-88474b9b/node_modules
514 silly doParallel preinstall 4
515 silly preinstall ms@2.1.1 /home/vagrant/app/app/node_modules/.staging/ms-8775b7b9
516 info lifecycle ms@2.1.1~preinstall: ms@2.1.1
517 silly preinstall debug@3.2.6 /home/vagrant/app/app/node_modules/.staging/debug-fa86bfc6
518 info lifecycle debug@3.2.6~preinstall: debug@3.2.6
519 silly preinstall mocha@6.2.3 /home/vagrant/app/app/node_modules/.staging/mocha-88474b9b
520 info lifecycle mocha@6.2.3~preinstall: mocha@6.2.3
521 silly preinstall jenkins-mocha@8.0.0 /home/vagrant/app/app/node_modules/.staging/jenkins-mocha-7c98d79d
522 info lifecycle jenkins-mocha@8.0.0~preinstall: jenkins-mocha@8.0.0
523 silly lifecycle ms@2.1.1~preinstall: no script for preinstall, continuing
524 silly lifecycle debug@3.2.6~preinstall: no script for preinstall, continuing
525 silly lifecycle mocha@6.2.3~preinstall: no script for preinstall, continuing
526 silly lifecycle jenkins-mocha@8.0.0~preinstall: no script for preinstall, continuing
527 silly doReverseSerial remove 0
528 silly doSerial move 0
529 silly doSerial finalize 4
530 silly finalize /home/vagrant/app/app/node_modules/jenkins-mocha/node_modules/ms
531 silly finalize /home/vagrant/app/app/node_modules/jenkins-mocha/node_modules/debug
532 silly finalize /home/vagrant/app/app/node_modules/jenkins-mocha/node_modules/mocha
533 silly finalize /home/vagrant/app/app/node_modules/jenkins-mocha
534 silly doSerial build 4
535 silly build ms@2.1.1
536 info linkStuff ms@2.1.1
537 silly linkStuff ms@2.1.1 has /home/vagrant/app/app/node_modules/jenkins-mocha/node_modules as its parent node_modules
538 verbose linkBins ms@2.1.1
539 verbose linkMans ms@2.1.1
540 silly build debug@3.2.6
541 info linkStuff debug@3.2.6
542 silly linkStuff debug@3.2.6 has /home/vagrant/app/app/node_modules/jenkins-mocha/node_modules as its parent node_modules
543 verbose linkBins debug@3.2.6
544 verbose linkMans debug@3.2.6
545 silly build mocha@6.2.3
546 info linkStuff mocha@6.2.3
547 silly linkStuff mocha@6.2.3 has /home/vagrant/app/app/node_modules/jenkins-mocha/node_modules as its parent node_modules
548 verbose linkBins mocha@6.2.3
549 verbose link bins [ { mocha: 'bin/mocha', _mocha: 'bin/_mocha' },
549 verbose link bins   '/home/vagrant/app/app/node_modules/jenkins-mocha/node_modules/.bin',
549 verbose link bins   false ]
550 verbose linkMans mocha@6.2.3
551 silly gentlyRm /home/vagrant/app/app/node_modules/jenkins-mocha/node_modules/.bin/mocha is being purged
552 verbose gentlyRm don't care about contents; nuking /home/vagrant/app/app/node_modules/jenkins-mocha/node_modules/.bin/mocha
553 silly gentlyRm /home/vagrant/app/app/node_modules/jenkins-mocha/node_modules/.bin/_mocha is being purged
554 verbose gentlyRm don't care about contents; nuking /home/vagrant/app/app/node_modules/jenkins-mocha/node_modules/.bin/_mocha
555 verbose unlock done using /home/vagrant/.npm/_locks/staging-7c40a3049ed25df8.lock for /home/vagrant/app/app/node_modules/.staging
556 silly rollbackFailedOptional Starting
557 silly rollbackFailedOptional Finishing
558 silly runTopLevelLifecycles Finishing
559 silly install printInstalled
560 warn optional SKIPPING OPTIONAL DEPENDENCY: fsevents@~2.3.1 (node_modules/chokidar/node_modules/fsevents):
561 warn notsup SKIPPING OPTIONAL DEPENDENCY: Unsupported platform for fsevents@2.3.2: wanted {"os":"darwin","arch":"any"} (current: {"os":"linux","arch":"x64"})
562 verbose notsup SKIPPING OPTIONAL DEPENDENCY: Valid OS:    darwin
562 verbose notsup SKIPPING OPTIONAL DEPENDENCY: Valid Arch:  any
562 verbose notsup SKIPPING OPTIONAL DEPENDENCY: Actual OS:   linux
562 verbose notsup SKIPPING OPTIONAL DEPENDENCY: Actual Arch: x64
563 warn enoent ENOENT: no such file or directory, open '/home/vagrant/app/app/node_modules/istanbul-lib-source-maps/package.json'
564 verbose enoent ENOENT: no such file or directory, open '/home/vagrant/app/app/node_modules/istanbul-lib-source-maps/package.json'
564 verbose enoent This is most likely not a problem with npm itself
564 verbose enoent and is related to npm not being able to find a file.
565 warn enoent ENOENT: no such file or directory, open '/home/vagrant/app/app/node_modules/cliui/package.json'
566 verbose enoent ENOENT: no such file or directory, open '/home/vagrant/app/app/node_modules/cliui/package.json'
566 verbose enoent This is most likely not a problem with npm itself
566 verbose enoent and is related to npm not being able to find a file.
567 warn enoent ENOENT: no such file or directory, open '/home/vagrant/app/app/node_modules/es-abstract/package.json'
568 verbose enoent ENOENT: no such file or directory, open '/home/vagrant/app/app/node_modules/es-abstract/package.json'
568 verbose enoent This is most likely not a problem with npm itself
568 verbose enoent and is related to npm not being able to find a file.
569 warn enoent ENOENT: no such file or directory, open '/home/vagrant/app/app/node_modules/@babel/traverse/package.json'
570 verbose enoent ENOENT: no such file or directory, open '/home/vagrant/app/app/node_modules/@babel/traverse/package.json'
570 verbose enoent This is most likely not a problem with npm itself
570 verbose enoent and is related to npm not being able to find a file.
571 warn enoent ENOENT: no such file or directory, open '/home/vagrant/app/app/node_modules/superagent/package.json'
572 verbose enoent ENOENT: no such file or directory, open '/home/vagrant/app/app/node_modules/superagent/package.json'
572 verbose enoent This is most likely not a problem with npm itself
572 verbose enoent and is related to npm not being able to find a file.
573 warn enoent ENOENT: no such file or directory, open '/home/vagrant/app/app/node_modules/readable-stream/package.json'
574 verbose enoent ENOENT: no such file or directory, open '/home/vagrant/app/app/node_modules/readable-stream/package.json'
574 verbose enoent This is most likely not a problem with npm itself
574 verbose enoent and is related to npm not being able to find a file.
575 warn solution-code@1.0.0 No repository field.
576 verbose If you need help, you may report this error at:
576 verbose     <https://github.com/npm/npm/issues>
577 verbose stack Error: EPROTO: protocol error, symlink '../mocha/bin/mocha' -> '/home/vagrant/app/app/node_modules/jenkins-mocha/node_modules/.bin/mocha'
577 verbose stack     at Error (native)
578 verbose cwd /home/vagrant/app/app
579 error Linux 4.4.0-210-generic
580 error argv "/usr/bin/node" "/usr/bin/npm" "install"
581 error node v6.17.1
582 error npm  v3.10.10
583 error path ../mocha/bin/mocha
584 error code EPROTO
585 error errno -71
586 error syscall symlink
587 error EPROTO: protocol error, symlink '../mocha/bin/mocha' -> '/home/vagrant/app/app/node_modules/jenkins-mocha/node_modules/.bin/mocha'
588 error If you need help, you may report this error at:
588 error     <https://github.com/npm/npm/issues>
589 verbose exit [ -71, true ]
